SF:/home/parallels/projects/qhyccd-rs/src/bin/LiveFrameMode.rs
FN:8,_RNvCsb0w9YZrcMpU_13LiveFrameMode4main
FN:91,_RNCNvCsb0w9YZrcMpU_13LiveFrameMode4mainsb_0B3_
FN:81,_RNCNvCsb0w9YZrcMpU_13LiveFrameMode4mains9_0B3_
FN:73,_RNCNvCsb0w9YZrcMpU_13LiveFrameMode4mains7_0B3_
FN:65,_RNCNvCsb0w9YZrcMpU_13LiveFrameMode4mains5_0B3_
FN:50,_RNCNvCsb0w9YZrcMpU_13LiveFrameMode4mains3_0B3_
FN:36,_RNCNvCsb0w9YZrcMpU_13LiveFrameMode4mains1_0B3_
FN:22,_RNCNvCsb0w9YZrcMpU_13LiveFrameMode4mains_0B3_
FN:77,_RNCNvCsb0w9YZrcMpU_13LiveFrameMode4mains8_0B3_
FN:69,_RNCNvCsb0w9YZrcMpU_13LiveFrameMode4mains6_0B3_
FN:55,_RNCNvCsb0w9YZrcMpU_13LiveFrameMode4mains4_0B3_
FN:45,_RNCNvCsb0w9YZrcMpU_13LiveFrameMode4mains2_0B3_
FN:27,_RNCNvCsb0w9YZrcMpU_13LiveFrameMode4mains0_0B3_
FN:19,_RNCNvCsb0w9YZrcMpU_13LiveFrameMode4main0B3_
FN:86,_RNCNvCsb0w9YZrcMpU_13LiveFrameMode4mainsa_0B3_
FN:96,_RNCNvCsb0w9YZrcMpU_13LiveFrameMode4mainsc_0B3_
FNDA:0,_RNvCsb0w9YZrcMpU_13LiveFrameMode4main
FNDA:0,_RNCNvCsb0w9YZrcMpU_13LiveFrameMode4mainsb_0B3_
FNDA:0,_RNCNvCsb0w9YZrcMpU_13LiveFrameMode4mains9_0B3_
FNDA:0,_RNCNvCsb0w9YZrcMpU_13LiveFrameMode4mains7_0B3_
FNDA:0,_RNCNvCsb0w9YZrcMpU_13LiveFrameMode4mains5_0B3_
FNDA:0,_RNCNvCsb0w9YZrcMpU_13LiveFrameMode4mains3_0B3_
FNDA:0,_RNCNvCsb0w9YZrcMpU_13LiveFrameMode4mains1_0B3_
FNDA:0,_RNCNvCsb0w9YZrcMpU_13LiveFrameMode4mains_0B3_
FNDA:0,_RNCNvCsb0w9YZrcMpU_13LiveFrameMode4mains8_0B3_
FNDA:0,_RNCNvCsb0w9YZrcMpU_13LiveFrameMode4mains6_0B3_
FNDA:0,_RNCNvCsb0w9YZrcMpU_13LiveFrameMode4mains4_0B3_
FNDA:0,_RNCNvCsb0w9YZrcMpU_13LiveFrameMode4mains2_0B3_
FNDA:0,_RNCNvCsb0w9YZrcMpU_13LiveFrameMode4mains0_0B3_
FNDA:0,_RNCNvCsb0w9YZrcMpU_13LiveFrameMode4main0B3_
FNDA:0,_RNCNvCsb0w9YZrcMpU_13LiveFrameMode4mainsa_0B3_
FNDA:0,_RNCNvCsb0w9YZrcMpU_13LiveFrameMode4mainsc_0B3_
FNF:16
FNH:0
DA:8,0
DA:9,0
DA:10,0
DA:11,0
DA:12,0
DA:13,0
DA:14,0
DA:15,0
DA:16,0
DA:17,0
DA:18,0
DA:19,0
DA:21,0
DA:22,0
DA:24,0
DA:25,0
DA:26,0
DA:27,0
DA:29,0
DA:30,0
DA:31,0
DA:33,0
DA:34,0
DA:35,0
DA:36,0
DA:37,0
DA:38,0
DA:39,0
DA:40,0
DA:41,0
DA:42,0
DA:43,0
DA:44,0
DA:45,0
DA:47,0
DA:48,0
DA:49,0
DA:50,0
DA:52,0
DA:53,0
DA:54,0
DA:55,0
DA:57,0
DA:58,0
DA:59,0
DA:60,0
DA:61,0
DA:62,0
DA:63,0
DA:64,0
DA:65,0
DA:66,0
DA:67,0
DA:68,0
DA:69,0
DA:70,0
DA:71,0
DA:72,0
DA:73,0
DA:74,0
DA:75,0
DA:76,0
DA:77,0
DA:78,0
DA:79,0
DA:80,0
DA:81,0
DA:82,0
DA:83,0
DA:84,0
DA:85,0
DA:86,0
DA:88,0
DA:89,0
DA:90,0
DA:91,0
DA:92,0
DA:93,0
DA:94,0
DA:95,0
DA:96,0
DA:97,0
DA:99,0
DA:100,0
BRF:0
BRH:0
LF:99
LH:0
end_of_record
SF:/home/parallels/projects/qhyccd-rs/src/bin/SingleFrameMode.rs
FN:56,_RNCNvCsbI42gNR7yA5_15SingleFrameMode4mains7_0B3_
FN:123,_RNCNvCsbI42gNR7yA5_15SingleFrameMode4mainsm_0B3_
FN:34,_RNCNvCsbI42gNR7yA5_15SingleFrameMode4mains3_0B3_
FN:21,_RNCNvCsbI42gNR7yA5_15SingleFrameMode4mains1_0B3_
FN:65,_RNCNvCsbI42gNR7yA5_15SingleFrameMode4mainsa_0B3_
FN:17,_RNCNvCsbI42gNR7yA5_15SingleFrameMode4mains_0B3_
FN:73,_RNCNvCsbI42gNR7yA5_15SingleFrameMode4mainsc_0B3_
FN:39,_RNCNvCsbI42gNR7yA5_15SingleFrameMode4mains4_0B3_
FN:26,_RNCNvCsbI42gNR7yA5_15SingleFrameMode4mains2_0B3_
FN:18,_RNCNvCsbI42gNR7yA5_15SingleFrameMode4mains0_0B3_
FN:67,_RNCNvCsbI42gNR7yA5_15SingleFrameMode4mainsb_0B3_
FN:75,_RNCNvCsbI42gNR7yA5_15SingleFrameMode4mainsd_0B3_
FN:6,_RNvCsbI42gNR7yA5_15SingleFrameMode4main
FN:81,_RNCNvCsbI42gNR7yA5_15SingleFrameMode4mainse_0B3_
FN:83,_RNCNvCsbI42gNR7yA5_15SingleFrameMode4mainsf_0B3_
FN:106,_RNCNvCsbI42gNR7yA5_15SingleFrameMode4mainsk_0B3_
FN:101,_RNCNvCsbI42gNR7yA5_15SingleFrameMode4mainsi_0B3_
FN:44,_RNCNvCsbI42gNR7yA5_15SingleFrameMode4mains5_0B3_
FN:91,_RNCNvCsbI42gNR7yA5_15SingleFrameMode4mainsg_0B3_
FN:111,_RNCNvCsbI42gNR7yA5_15SingleFrameMode4mainsl_0B3_
FN:59,_RNCNvCsbI42gNR7yA5_15SingleFrameMode4mains8_0B3_
FN:51,_RNCNvCsbI42gNR7yA5_15SingleFrameMode4mains6_0B3_
FN:96,_RNCNvCsbI42gNR7yA5_15SingleFrameMode4mainsh_0B3_
FN:104,_RNCNvCsbI42gNR7yA5_15SingleFrameMode4mainsj_0B3_
FN:62,_RNCNvCsbI42gNR7yA5_15SingleFrameMode4mains9_0B3_
FN:16,_RNCNvCsbI42gNR7yA5_15SingleFrameMode4main0B3_
FNDA:0,_RNCNvCsbI42gNR7yA5_15SingleFrameMode4mains7_0B3_
FNDA:0,_RNCNvCsbI42gNR7yA5_15SingleFrameMode4mainsm_0B3_
FNDA:0,_RNCNvCsbI42gNR7yA5_15SingleFrameMode4mains3_0B3_
FNDA:0,_RNCNvCsbI42gNR7yA5_15SingleFrameMode4mains1_0B3_
FNDA:0,_RNCNvCsbI42gNR7yA5_15SingleFrameMode4mainsa_0B3_
FNDA:0,_RNCNvCsbI42gNR7yA5_15SingleFrameMode4mains_0B3_
FNDA:0,_RNCNvCsbI42gNR7yA5_15SingleFrameMode4mainsc_0B3_
FNDA:0,_RNCNvCsbI42gNR7yA5_15SingleFrameMode4mains4_0B3_
FNDA:0,_RNCNvCsbI42gNR7yA5_15SingleFrameMode4mains2_0B3_
FNDA:0,_RNCNvCsbI42gNR7yA5_15SingleFrameMode4mains0_0B3_
FNDA:0,_RNCNvCsbI42gNR7yA5_15SingleFrameMode4mainsb_0B3_
FNDA:0,_RNCNvCsbI42gNR7yA5_15SingleFrameMode4mainsd_0B3_
FNDA:0,_RNvCsbI42gNR7yA5_15SingleFrameMode4main
FNDA:0,_RNCNvCsbI42gNR7yA5_15SingleFrameMode4mainse_0B3_
FNDA:0,_RNCNvCsbI42gNR7yA5_15SingleFrameMode4mainsf_0B3_
FNDA:0,_RNCNvCsbI42gNR7yA5_15SingleFrameMode4mainsk_0B3_
FNDA:0,_RNCNvCsbI42gNR7yA5_15SingleFrameMode4mainsi_0B3_
FNDA:0,_RNCNvCsbI42gNR7yA5_15SingleFrameMode4mains5_0B3_
FNDA:0,_RNCNvCsbI42gNR7yA5_15SingleFrameMode4mainsg_0B3_
FNDA:0,_RNCNvCsbI42gNR7yA5_15SingleFrameMode4mainsl_0B3_
FNDA:0,_RNCNvCsbI42gNR7yA5_15SingleFrameMode4mains8_0B3_
FNDA:0,_RNCNvCsbI42gNR7yA5_15SingleFrameMode4mains6_0B3_
FNDA:0,_RNCNvCsbI42gNR7yA5_15SingleFrameMode4mainsh_0B3_
FNDA:0,_RNCNvCsbI42gNR7yA5_15SingleFrameMode4mainsj_0B3_
FNDA:0,_RNCNvCsbI42gNR7yA5_15SingleFrameMode4mains9_0B3_
FNDA:0,_RNCNvCsbI42gNR7yA5_15SingleFrameMode4main0B3_
FNF:26
FNH:0
DA:6,0
DA:7,0
DA:8,0
DA:9,0
DA:10,0
DA:11,0
DA:12,0
DA:13,0
DA:14,0
DA:15,0
DA:16,0
DA:17,0
DA:18,0
DA:20,0
DA:21,0
DA:23,0
DA:24,0
DA:25,0
DA:26,0
DA:28,0
DA:29,0
DA:30,0
DA:32,0
DA:33,0
DA:34,0
DA:36,0
DA:37,0
DA:38,0
DA:39,0
DA:41,0
DA:42,0
DA:43,0
DA:44,0
DA:46,0
DA:47,0
DA:48,0
DA:49,0
DA:50,0
DA:51,0
DA:53,0
DA:54,0
DA:55,0
DA:56,0
DA:58,0
DA:59,0
DA:61,0
DA:62,0
DA:64,0
DA:65,0
DA:67,0
DA:68,0
DA:72,0
DA:73,0
DA:75,0
DA:76,0
DA:80,0
DA:81,0
DA:83,0
DA:84,0
DA:88,0
DA:89,0
DA:90,0
DA:91,0
DA:93,0
DA:94,0
DA:95,0
DA:96,0
DA:98,0
DA:99,0
DA:100,0
DA:101,0
DA:103,0
DA:104,0
DA:106,0
DA:107,0
DA:111,0
DA:112,0
DA:113,0
DA:114,0
DA:115,0
DA:116,0
DA:117,0
DA:118,0
DA:119,0
DA:120,0
DA:121,0
DA:122,0
DA:123,0
DA:124,0
BRF:0
BRH:0
LF:114
LH:0
end_of_record
SF:/home/parallels/projects/qhyccd-rs/src/bin/test.rs
FN:15,_RNCNvCsj8uHyzRraCv_4test4main0B3_
FN:33,_RNCNvCsj8uHyzRraCv_4test4mains2_0B3_
FN:42,_RNCNvCsj8uHyzRraCv_4test4mains3_0B3_
FN:28,_RNCNvCsj8uHyzRraCv_4test4mains1_0B3_
FN:5,_RNvCsj8uHyzRraCv_4test4main
FN:18,_RNCNvCsj8uHyzRraCv_4test4mains_0B3_
FN:23,_RNCNvCsj8uHyzRraCv_4test4mains0_0B3_
FNDA:0,_RNCNvCsj8uHyzRraCv_4test4main0B3_
FNDA:0,_RNCNvCsj8uHyzRraCv_4test4mains2_0B3_
FNDA:0,_RNCNvCsj8uHyzRraCv_4test4mains3_0B3_
FNDA:0,_RNCNvCsj8uHyzRraCv_4test4mains1_0B3_
FNDA:0,_RNvCsj8uHyzRraCv_4test4main
FNDA:0,_RNCNvCsj8uHyzRraCv_4test4mains_0B3_
FNDA:0,_RNCNvCsj8uHyzRraCv_4test4mains0_0B3_
FNF:7
FNH:0
DA:5,0
DA:6,0
DA:7,0
DA:8,0
DA:9,0
DA:10,0
DA:11,0
DA:12,0
DA:13,0
DA:14,0
DA:15,0
DA:17,0
DA:18,0
DA:20,0
DA:21,0
DA:22,0
DA:23,0
DA:25,0
DA:26,0
DA:27,0
DA:28,0
DA:30,0
DA:31,0
DA:32,0
DA:33,0
DA:34,0
DA:35,0
DA:36,0
DA:37,0
DA:38,0
DA:39,0
DA:41,0
DA:42,0
DA:43,0
BRF:0
BRH:0
LF:40
LH:0
end_of_record
SF:/home/parallels/projects/qhyccd-rs/src/lib.rs
FN:599,_RNvXs_Cs1PjXLhkVzPw_9qhyccd_rsNtB4_3SdkNtNtNtCsgrwJl3FvtEB_4core3ops4drop4Drop4drop
FN:441,_RNvXsu_Cs1PjXLhkVzPw_9qhyccd_rsNtB5_10SDKVersionNtNtCsgrwJl3FvtEB_4core3fmt5Debug3fmt
FN:543,_RNvMCs1PjXLhkVzPw_9qhyccd_rsNtB2_3Sdk7cameras
FN:41,_RNvXs4_Cs1PjXLhkVzPw_9qhyccd_rsNtB5_8QHYErrorNtNtCsgrwJl3FvtEB_4core3fmt5Debug3fmt
FN:555,_RNvMCs1PjXLhkVzPw_9qhyccd_rsNtB2_3Sdk13filter_wheels
FN:629,_RNvMs0_Cs1PjXLhkVzPw_9qhyccd_rsNtB5_6Camera3new
FN:483,_RNvMCs1PjXLhkVzPw_9qhyccd_rsNtB2_3Sdk3new
FN:576,_RNvMCs1PjXLhkVzPw_9qhyccd_rsNtB2_3Sdk7version
FN:41,_RNvXs3_Cs1PjXLhkVzPw_9qhyccd_rsNtB5_8QHYErrorNtNtCsgrwJl3FvtEB_4core3fmt7Display3fmt
FN:126,_RNvXs5_Cs1PjXLhkVzPw_9qhyccd_rsNtB5_7ControlNtNtCsgrwJl3FvtEB_4core3fmt5Debug3fmt
FN:1487,_RNvMs0_Cs1PjXLhkVzPw_9qhyccd_rsNtB5_6Camera17is_cfw_plugged_in
FN:441,_RNvXsw_Cs1PjXLhkVzPw_9qhyccd_rsNtB5_10SDKVersionNtNtCsgrwJl3FvtEB_4core3cmp9PartialEq2eqB5_
FN:1341,_RNvMs0_Cs1PjXLhkVzPw_9qhyccd_rsNtB5_6Camera20is_control_available
FN:724,_RNCNvMs0_Cs1PjXLhkVzPw_9qhyccd_rsNtB7_6Camera9get_models_0B7_
FN:694,_RNCNvMs0_Cs1PjXLhkVzPw_9qhyccd_rsNtB7_6Camera16set_readout_mode0B7_
FN:1543,_RNCNvMs0_Cs1PjXLhkVzPw_9qhyccd_rsNtB7_6Camera5close0B7_
FN:1433,_RNCNvMs0_Cs1PjXLhkVzPw_9qhyccd_rsNtB7_6Camera13get_parameter0B7_
FN:716,_RNCNvMs0_Cs1PjXLhkVzPw_9qhyccd_rsNtB7_6Camera9get_model0B7_
FN:454,_RNvXsy_Cs1PjXLhkVzPw_9qhyccd_rsNtB5_3SdkNtNtCsgrwJl3FvtEB_4core5clone5Clone5cloneB5_
FN:126,_RNvXs8_Cs1PjXLhkVzPw_9qhyccd_rsNtB5_7ControlNtNtCsgrwJl3FvtEB_4core5clone5Clone5cloneB5_
FN:1453,_RNCNvMs0_Cs1PjXLhkVzPw_9qhyccd_rsNtB7_6Camera13set_parameter0B7_
FN:883,_RNvMs0_Cs1PjXLhkVzPw_9qhyccd_rsNtB5_6Camera16get_readout_mode
FN:1019,_RNvMs0_Cs1PjXLhkVzPw_9qhyccd_rsNtB5_6Camera8end_live
FN:372,_RNvXsd_Cs1PjXLhkVzPw_9qhyccd_rsNtB5_11CCDChipInfoNtNtCsgrwJl3FvtEB_4core3fmt5Debug3fmt
FN:1314,_RNvMs0_Cs1PjXLhkVzPw_9qhyccd_rsNtB5_6Camera26abort_exposure_and_readout
FN:391,_RNvXsg_Cs1PjXLhkVzPw_9qhyccd_rsNtB5_9ImageDataNtNtCsgrwJl3FvtEB_4core3fmt5Debug3fmt
FN:1361,_RNvMs0_Cs1PjXLhkVzPw_9qhyccd_rsNtB5_6Camera12get_ccd_info
FN:1448,_RNvMs0_Cs1PjXLhkVzPw_9qhyccd_rsNtB5_6Camera13set_parameter
FN:1538,_RNvMs0_Cs1PjXLhkVzPw_9qhyccd_rsNtB5_6Camera5close
FN:432,_RNvXst_Cs1PjXLhkVzPw_9qhyccd_rsNtB5_11ReadoutModeNtNtCsgrwJl3FvtEB_4core3cmp9PartialEq2eqB5_
FN:1273,_RNCNvMs0_Cs1PjXLhkVzPw_9qhyccd_rsNtB7_6Camera25get_remaining_exposure_us0B7_
FN:1106,_RNCNvMs0_Cs1PjXLhkVzPw_9qhyccd_rsNtB7_6Camera14get_live_frame0B7_
FN:1522,_RNCNvMs0_Cs1PjXLhkVzPw_9qhyccd_rsNtB7_6Camera4opens_0B7_
FN:657,_RNvMs0_Cs1PjXLhkVzPw_9qhyccd_rsNtB5_6Camera2id
FN:363,_RNvXsc_Cs1PjXLhkVzPw_9qhyccd_rsNtB5_10StreamModeNtNtCsgrwJl3FvtEB_4core3cmp9PartialEq2eqB5_
FN:905,_RNvMs0_Cs1PjXLhkVzPw_9qhyccd_rsNtB5_6Camera8get_type
FN:853,_RNvMs0_Cs1PjXLhkVzPw_9qhyccd_rsNtB5_6Camera27get_readout_mode_resolution
FN:973,_RNvMs0_Cs1PjXLhkVzPw_9qhyccd_rsNtB5_6Camera7set_roi
FN:1345,_RNCNvMs0_Cs1PjXLhkVzPw_9qhyccd_rsNtB7_6Camera20is_control_available0B7_
FN:1429,_RNvMs0_Cs1PjXLhkVzPw_9qhyccd_rsNtB5_6Camera13get_parameter
FN:406,_RNvXsl_Cs1PjXLhkVzPw_9qhyccd_rsNtB5_11CCDChipAreaNtNtCsgrwJl3FvtEB_4core3cmp9PartialEq2eqB5_
FN:1557,_RNvXs1_Cs1PjXLhkVzPw_9qhyccd_rsNtB5_6CameraNtB5_11FilterWheel9positions
FN:1189,_RNCNvMs0_Cs1PjXLhkVzPw_9qhyccd_rsNtB7_6Camera17get_overscan_area0B7_
FN:419,_RNvXso_Cs1PjXLhkVzPw_9qhyccd_rsNtB5_7BayerIdNtNtCsgrwJl3FvtEB_4core3fmt5Debug3fmt
FN:744,_RNCNvMs0_Cs1PjXLhkVzPw_9qhyccd_rsNtB7_6Camera4init0B7_
FN:674,_RNCNvMs0_Cs1PjXLhkVzPw_9qhyccd_rsNtB7_6Camera15set_stream_mode0B7_
FN:689,_RNvMs0_Cs1PjXLhkVzPw_9qhyccd_rsNtB5_6Camera16set_readout_mode
FN:1412,_RNCNvMs0_Cs1PjXLhkVzPw_9qhyccd_rsNtB7_6Camera12set_bit_mode0B7_
FN:946,_RNvMs0_Cs1PjXLhkVzPw_9qhyccd_rsNtB5_6Camera11set_debayer
FN:372,_RNvXsf_Cs1PjXLhkVzPw_9qhyccd_rsNtB5_11CCDChipInfoNtNtCsgrwJl3FvtEB_4core3cmp9PartialEq2eqB5_
FN:1081,_RNvMs0_Cs1PjXLhkVzPw_9qhyccd_rsNtB5_6Camera14get_live_frame
FN:1246,_RNvMs0_Cs1PjXLhkVzPw_9qhyccd_rsNtB5_6Camera27start_single_frame_exposure
FN:1508,_RNvMs0_Cs1PjXLhkVzPw_9qhyccd_rsNtB5_6Camera4open
FN:1468,_RNvMs0_Cs1PjXLhkVzPw_9qhyccd_rsNtB5_6Camera16set_if_available
FN:406,_RNvXsj_Cs1PjXLhkVzPw_9qhyccd_rsNtB5_11CCDChipAreaNtNtCsgrwJl3FvtEB_4core3fmt5Debug3fmt
FN:406,_RNvXsm_Cs1PjXLhkVzPw_9qhyccd_rsNtB5_11CCDChipAreaNtNtCsgrwJl3FvtEB_4core5clone5Clone5cloneB5_
FN:1319,_RNCNvMs0_Cs1PjXLhkVzPw_9qhyccd_rsNtB7_6Camera26abort_exposure_and_readout0B7_
FN:980,_RNCNvMs0_Cs1PjXLhkVzPw_9qhyccd_rsNtB7_6Camera7set_roi0B7_
FN:610,_RNvXsE_Cs1PjXLhkVzPw_9qhyccd_rsNtB5_6CameraNtNtCsgrwJl3FvtEB_4core3cmp9PartialEq2eqB5_
FN:432,_RNvXsr_Cs1PjXLhkVzPw_9qhyccd_rsNtB5_11ReadoutModeNtNtCsgrwJl3FvtEB_4core3fmt5Debug3fmt
FN:1298,_RNCNvMs0_Cs1PjXLhkVzPw_9qhyccd_rsNtB7_6Camera13stop_exposure0B7_
FN:825,_RNCNvMs0_Cs1PjXLhkVzPw_9qhyccd_rsNtB7_6Camera21get_readout_mode_name0B7_
FN:1024,_RNCNvMs0_Cs1PjXLhkVzPw_9qhyccd_rsNtB7_6Camera8end_live0B7_
FN:781,_RNCNvMs0_Cs1PjXLhkVzPw_9qhyccd_rsNtB7_6Camera20get_firmware_version0B7_
FN:669,_RNvMs0_Cs1PjXLhkVzPw_9qhyccd_rsNtB5_6Camera15set_stream_mode
FN:1152,_RNCNvMs0_Cs1PjXLhkVzPw_9qhyccd_rsNtB7_6Camera16get_single_frame0B7_
FN:1251,_RNCNvMs0_Cs1PjXLhkVzPw_9qhyccd_rsNtB7_6Camera27start_single_frame_exposure0B7_
FN:363,_RNvXsa_Cs1PjXLhkVzPw_9qhyccd_rsNtB5_10StreamModeNtNtCsgrwJl3FvtEB_4core3fmt5Debug3fmt
FN:739,_RNvMs0_Cs1PjXLhkVzPw_9qhyccd_rsNtB5_6Camera4init
FN:1049,_RNCNvMs0_Cs1PjXLhkVzPw_9qhyccd_rsNtB7_6Camera14get_image_size0B7_
FN:820,_RNvMs0_Cs1PjXLhkVzPw_9qhyccd_rsNtB5_6Camera21get_readout_mode_name
FN:1045,_RNvMs0_Cs1PjXLhkVzPw_9qhyccd_rsNtB5_6Camera14get_image_size
FN:1167,_RNvMs0_Cs1PjXLhkVzPw_9qhyccd_rsNtB5_6Camera17get_overscan_area
FN:1515,_RNCNvMs0_Cs1PjXLhkVzPw_9qhyccd_rsNtB7_6Camera4open0B7_
FN:1001,_RNCNvMs0_Cs1PjXLhkVzPw_9qhyccd_rsNtB7_6Camera10begin_live0B7_
FN:1226,_RNCNvMs0_Cs1PjXLhkVzPw_9qhyccd_rsNtB7_6Camera18get_effective_area0B7_
FN:419,_RNvXsq_Cs1PjXLhkVzPw_9qhyccd_rsNtB5_7BayerIdNtNtCsgrwJl3FvtEB_4core3cmp9PartialEq2eqB5_
FN:610,_RNvXsB_Cs1PjXLhkVzPw_9qhyccd_rsNtB5_6CameraNtNtCsgrwJl3FvtEB_4core3fmt5Debug3fmt
FN:889,_RNCNvMs0_Cs1PjXLhkVzPw_9qhyccd_rsNtB7_6Camera16get_readout_mode0B7_
FN:454,_RNvXsA_Cs1PjXLhkVzPw_9qhyccd_rsNtB5_3SdkNtNtCsgrwJl3FvtEB_4core3cmp9PartialEq2eqB5_
FN:1392,_RNCNvMs0_Cs1PjXLhkVzPw_9qhyccd_rsNtB7_6Camera12get_ccd_info0B7_
FN:909,_RNCNvMs0_Cs1PjXLhkVzPw_9qhyccd_rsNtB7_6Camera8get_type0B7_
FN:996,_RNvMs0_Cs1PjXLhkVzPw_9qhyccd_rsNtB5_6Camera10begin_live
FN:1204,_RNvMs0_Cs1PjXLhkVzPw_9qhyccd_rsNtB5_6Camera18get_effective_area
FN:1127,_RNvMs0_Cs1PjXLhkVzPw_9qhyccd_rsNtB5_6Camera16get_single_frame
FN:1293,_RNvMs0_Cs1PjXLhkVzPw_9qhyccd_rsNtB5_6Camera13stop_exposure
FN:1407,_RNvMs0_Cs1PjXLhkVzPw_9qhyccd_rsNtB5_6Camera12set_bit_mode
FN:391,_RNvXsi_Cs1PjXLhkVzPw_9qhyccd_rsNtB5_9ImageDataNtNtCsgrwJl3FvtEB_4core3cmp9PartialEq2eqB5_
FN:867,_RNCNvMs0_Cs1PjXLhkVzPw_9qhyccd_rsNtB7_6Camera27get_readout_mode_resolution0B7_
FN:610,_RNvXsC_Cs1PjXLhkVzPw_9qhyccd_rsNtB5_6CameraNtNtCsgrwJl3FvtEB_4core5clone5Clone5cloneB5_
FN:931,_RNCNvMs0_Cs1PjXLhkVzPw_9qhyccd_rsNtB7_6Camera12set_bin_mode0B7_
FN:454,_RNvXsx_Cs1PjXLhkVzPw_9qhyccd_rsNtB5_3SdkNtNtCsgrwJl3FvtEB_4core3fmt5Debug3fmt
FN:951,_RNCNvMs0_Cs1PjXLhkVzPw_9qhyccd_rsNtB7_6Camera11set_debayer0B7_
FN:832,_RNCNvMs0_Cs1PjXLhkVzPw_9qhyccd_rsNtB7_6Camera21get_readout_mode_names_0B7_
FN:126,_RNvXs7_Cs1PjXLhkVzPw_9qhyccd_rsNtB5_7ControlNtNtCsgrwJl3FvtEB_4core3cmp9PartialEq2eqB5_
FN:709,_RNvMs0_Cs1PjXLhkVzPw_9qhyccd_rsNtB5_6Camera9get_model
FN:796,_RNvMs0_Cs1PjXLhkVzPw_9qhyccd_rsNtB5_6Camera27get_number_of_readout_modes
FN:759,_RNvMs0_Cs1PjXLhkVzPw_9qhyccd_rsNtB5_6Camera20get_firmware_version
FN:801,_RNCNvMs0_Cs1PjXLhkVzPw_9qhyccd_rsNtB7_6Camera27get_number_of_readout_modes0B7_
FN:926,_RNvMs0_Cs1PjXLhkVzPw_9qhyccd_rsNtB5_6Camera12set_bin_mode
FN:1270,_RNvMs0_Cs1PjXLhkVzPw_9qhyccd_rsNtB5_6Camera25get_remaining_exposure_us
FN:558,_RNCNvMCs1PjXLhkVzPw_9qhyccd_rsNtB4_3Sdk13filter_wheels0B4_
FN:604,_RNCNvXs_Cs1PjXLhkVzPw_9qhyccd_rsNtB6_3SdkNtNtNtCsgrwJl3FvtEB_4core3ops4drop4Drop4drop0B6_
FN:529,_RNCNvMCs1PjXLhkVzPw_9qhyccd_rsNtB4_3Sdk3news2_0B4_
FN:636,_RNCNvMs0_Cs1PjXLhkVzPw_9qhyccd_rsNtB7_6Camera3new0B7_
FN:505,_RNCNvMCs1PjXLhkVzPw_9qhyccd_rsNtB4_3Sdk3news_0B4_
FN:1493,_RNCNvMs0_Cs1PjXLhkVzPw_9qhyccd_rsNtB7_6Camera17is_cfw_plugged_in0B7_
FN:521,_RNCNvMCs1PjXLhkVzPw_9qhyccd_rsNtB4_3Sdk3news1_0B4_
FN:562,_RNCNCNvMCs1PjXLhkVzPw_9qhyccd_rsNtB6_3Sdk13filter_wheels00B6_
FN:642,_RNCNvMs0_Cs1PjXLhkVzPw_9qhyccd_rsNtB7_6Camera3news_0B7_
FN:513,_RNCNvMCs1PjXLhkVzPw_9qhyccd_rsNtB4_3Sdk3news0_0B4_
FN:590,_RNCNvMCs1PjXLhkVzPw_9qhyccd_rsNtB4_3Sdk7version0B4_
FN:489,_RNCNvMCs1PjXLhkVzPw_9qhyccd_rsNtB4_3Sdk3new0B4_
FNDA:3,_RNvXs_Cs1PjXLhkVzPw_9qhyccd_rsNtB4_3SdkNtNtNtCsgrwJl3FvtEB_4core3ops4drop4Drop4drop
FNDA:0,_RNvXsu_Cs1PjXLhkVzPw_9qhyccd_rsNtB5_10SDKVersionNtNtCsgrwJl3FvtEB_4core3fmt5Debug3fmt
FNDA:4,_RNvMCs1PjXLhkVzPw_9qhyccd_rsNtB2_3Sdk7cameras
FNDA:0,_RNvXs4_Cs1PjXLhkVzPw_9qhyccd_rsNtB5_8QHYErrorNtNtCsgrwJl3FvtEB_4core3fmt5Debug3fmt
FNDA:3,_RNvMCs1PjXLhkVzPw_9qhyccd_rsNtB2_3Sdk13filter_wheels
FNDA:4,_RNvMs0_Cs1PjXLhkVzPw_9qhyccd_rsNtB5_6Camera3new
FNDA:6,_RNvMCs1PjXLhkVzPw_9qhyccd_rsNtB2_3Sdk3new
FNDA:1,_RNvMCs1PjXLhkVzPw_9qhyccd_rsNtB2_3Sdk7version
FNDA:0,_RNvXs3_Cs1PjXLhkVzPw_9qhyccd_rsNtB5_8QHYErrorNtNtCsgrwJl3FvtEB_4core3fmt7Display3fmt
FNDA:0,_RNvXs5_Cs1PjXLhkVzPw_9qhyccd_rsNtB5_7ControlNtNtCsgrwJl3FvtEB_4core3fmt5Debug3fmt
FNDA:5,_RNvMs0_Cs1PjXLhkVzPw_9qhyccd_rsNtB5_6Camera17is_cfw_plugged_in
FNDA:1,_RNvXsw_Cs1PjXLhkVzPw_9qhyccd_rsNtB5_10SDKVersionNtNtCsgrwJl3FvtEB_4core3cmp9PartialEq2eqB5_
FNDA:0,_RNvMs0_Cs1PjXLhkVzPw_9qhyccd_rsNtB5_6Camera20is_control_available
FNDA:0,_RNCNvMs0_Cs1PjXLhkVzPw_9qhyccd_rsNtB7_6Camera9get_models_0B7_
FNDA:0,_RNCNvMs0_Cs1PjXLhkVzPw_9qhyccd_rsNtB7_6Camera16set_readout_mode0B7_
FNDA:0,_RNCNvMs0_Cs1PjXLhkVzPw_9qhyccd_rsNtB7_6Camera5close0B7_
FNDA:0,_RNCNvMs0_Cs1PjXLhkVzPw_9qhyccd_rsNtB7_6Camera13get_parameter0B7_
FNDA:0,_RNCNvMs0_Cs1PjXLhkVzPw_9qhyccd_rsNtB7_6Camera9get_model0B7_
FNDA:0,_RNvXsy_Cs1PjXLhkVzPw_9qhyccd_rsNtB5_3SdkNtNtCsgrwJl3FvtEB_4core5clone5Clone5cloneB5_
FNDA:0,_RNvXs8_Cs1PjXLhkVzPw_9qhyccd_rsNtB5_7ControlNtNtCsgrwJl3FvtEB_4core5clone5Clone5cloneB5_
FNDA:0,_RNCNvMs0_Cs1PjXLhkVzPw_9qhyccd_rsNtB7_6Camera13set_parameter0B7_
FNDA:0,_RNvMs0_Cs1PjXLhkVzPw_9qhyccd_rsNtB5_6Camera16get_readout_mode
FNDA:0,_RNvMs0_Cs1PjXLhkVzPw_9qhyccd_rsNtB5_6Camera8end_live
FNDA:0,_RNvXsd_Cs1PjXLhkVzPw_9qhyccd_rsNtB5_11CCDChipInfoNtNtCsgrwJl3FvtEB_4core3fmt5Debug3fmt
FNDA:0,_RNvMs0_Cs1PjXLhkVzPw_9qhyccd_rsNtB5_6Camera26abort_exposure_and_readout
FNDA:0,_RNvXsg_Cs1PjXLhkVzPw_9qhyccd_rsNtB5_9ImageDataNtNtCsgrwJl3FvtEB_4core3fmt5Debug3fmt
FNDA:0,_RNvMs0_Cs1PjXLhkVzPw_9qhyccd_rsNtB5_6Camera12get_ccd_info
FNDA:0,_RNvMs0_Cs1PjXLhkVzPw_9qhyccd_rsNtB5_6Camera13set_parameter
FNDA:0,_RNvMs0_Cs1PjXLhkVzPw_9qhyccd_rsNtB5_6Camera5close
FNDA:0,_RNvXst_Cs1PjXLhkVzPw_9qhyccd_rsNtB5_11ReadoutModeNtNtCsgrwJl3FvtEB_4core3cmp9PartialEq2eqB5_
FNDA:0,_RNCNvMs0_Cs1PjXLhkVzPw_9qhyccd_rsNtB7_6Camera25get_remaining_exposure_us0B7_
FNDA:0,_RNCNvMs0_Cs1PjXLhkVzPw_9qhyccd_rsNtB7_6Camera14get_live_frame0B7_
FNDA:0,_RNCNvMs0_Cs1PjXLhkVzPw_9qhyccd_rsNtB7_6Camera4opens_0B7_
FNDA:0,_RNvMs0_Cs1PjXLhkVzPw_9qhyccd_rsNtB5_6Camera2id
FNDA:0,_RNvXsc_Cs1PjXLhkVzPw_9qhyccd_rsNtB5_10StreamModeNtNtCsgrwJl3FvtEB_4core3cmp9PartialEq2eqB5_
FNDA:0,_RNvMs0_Cs1PjXLhkVzPw_9qhyccd_rsNtB5_6Camera8get_type
FNDA:0,_RNvMs0_Cs1PjXLhkVzPw_9qhyccd_rsNtB5_6Camera27get_readout_mode_resolution
FNDA:0,_RNvMs0_Cs1PjXLhkVzPw_9qhyccd_rsNtB5_6Camera7set_roi
FNDA:0,_RNCNvMs0_Cs1PjXLhkVzPw_9qhyccd_rsNtB7_6Camera20is_control_available0B7_
FNDA:0,_RNvMs0_Cs1PjXLhkVzPw_9qhyccd_rsNtB5_6Camera13get_parameter
FNDA:0,_RNvXsl_Cs1PjXLhkVzPw_9qhyccd_rsNtB5_11CCDChipAreaNtNtCsgrwJl3FvtEB_4core3cmp9PartialEq2eqB5_
FNDA:0,_RNvXs1_Cs1PjXLhkVzPw_9qhyccd_rsNtB5_6CameraNtB5_11FilterWheel9positions
FNDA:0,_RNCNvMs0_Cs1PjXLhkVzPw_9qhyccd_rsNtB7_6Camera17get_overscan_area0B7_
FNDA:0,_RNvXso_Cs1PjXLhkVzPw_9qhyccd_rsNtB5_7BayerIdNtNtCsgrwJl3FvtEB_4core3fmt5Debug3fmt
FNDA:0,_RNCNvMs0_Cs1PjXLhkVzPw_9qhyccd_rsNtB7_6Camera4init0B7_
FNDA:0,_RNCNvMs0_Cs1PjXLhkVzPw_9qhyccd_rsNtB7_6Camera15set_stream_mode0B7_
FNDA:0,_RNvMs0_Cs1PjXLhkVzPw_9qhyccd_rsNtB5_6Camera16set_readout_mode
FNDA:0,_RNCNvMs0_Cs1PjXLhkVzPw_9qhyccd_rsNtB7_6Camera12set_bit_mode0B7_
FNDA:0,_RNvMs0_Cs1PjXLhkVzPw_9qhyccd_rsNtB5_6Camera11set_debayer
FNDA:0,_RNvXsf_Cs1PjXLhkVzPw_9qhyccd_rsNtB5_11CCDChipInfoNtNtCsgrwJl3FvtEB_4core3cmp9PartialEq2eqB5_
FNDA:0,_RNvMs0_Cs1PjXLhkVzPw_9qhyccd_rsNtB5_6Camera14get_live_frame
FNDA:0,_RNvMs0_Cs1PjXLhkVzPw_9qhyccd_rsNtB5_6Camera27start_single_frame_exposure
FNDA:0,_RNvMs0_Cs1PjXLhkVzPw_9qhyccd_rsNtB5_6Camera4open
FNDA:0,_RNvMs0_Cs1PjXLhkVzPw_9qhyccd_rsNtB5_6Camera16set_if_available
FNDA:0,_RNvXsj_Cs1PjXLhkVzPw_9qhyccd_rsNtB5_11CCDChipAreaNtNtCsgrwJl3FvtEB_4core3fmt5Debug3fmt
FNDA:0,_RNvXsm_Cs1PjXLhkVzPw_9qhyccd_rsNtB5_11CCDChipAreaNtNtCsgrwJl3FvtEB_4core5clone5Clone5cloneB5_
FNDA:0,_RNCNvMs0_Cs1PjXLhkVzPw_9qhyccd_rsNtB7_6Camera26abort_exposure_and_readout0B7_
FNDA:0,_RNCNvMs0_Cs1PjXLhkVzPw_9qhyccd_rsNtB7_6Camera7set_roi0B7_
FNDA:0,_RNvXsE_Cs1PjXLhkVzPw_9qhyccd_rsNtB5_6CameraNtNtCsgrwJl3FvtEB_4core3cmp9PartialEq2eqB5_
FNDA:0,_RNvXsr_Cs1PjXLhkVzPw_9qhyccd_rsNtB5_11ReadoutModeNtNtCsgrwJl3FvtEB_4core3fmt5Debug3fmt
FNDA:0,_RNCNvMs0_Cs1PjXLhkVzPw_9qhyccd_rsNtB7_6Camera13stop_exposure0B7_
FNDA:0,_RNCNvMs0_Cs1PjXLhkVzPw_9qhyccd_rsNtB7_6Camera21get_readout_mode_name0B7_
FNDA:0,_RNCNvMs0_Cs1PjXLhkVzPw_9qhyccd_rsNtB7_6Camera8end_live0B7_
FNDA:0,_RNCNvMs0_Cs1PjXLhkVzPw_9qhyccd_rsNtB7_6Camera20get_firmware_version0B7_
FNDA:0,_RNvMs0_Cs1PjXLhkVzPw_9qhyccd_rsNtB5_6Camera15set_stream_mode
FNDA:0,_RNCNvMs0_Cs1PjXLhkVzPw_9qhyccd_rsNtB7_6Camera16get_single_frame0B7_
FNDA:0,_RNCNvMs0_Cs1PjXLhkVzPw_9qhyccd_rsNtB7_6Camera27start_single_frame_exposure0B7_
FNDA:0,_RNvXsa_Cs1PjXLhkVzPw_9qhyccd_rsNtB5_10StreamModeNtNtCsgrwJl3FvtEB_4core3fmt5Debug3fmt
FNDA:0,_RNvMs0_Cs1PjXLhkVzPw_9qhyccd_rsNtB5_6Camera4init
FNDA:0,_RNCNvMs0_Cs1PjXLhkVzPw_9qhyccd_rsNtB7_6Camera14get_image_size0B7_
FNDA:0,_RNvMs0_Cs1PjXLhkVzPw_9qhyccd_rsNtB5_6Camera21get_readout_mode_name
FNDA:0,_RNvMs0_Cs1PjXLhkVzPw_9qhyccd_rsNtB5_6Camera14get_image_size
FNDA:0,_RNvMs0_Cs1PjXLhkVzPw_9qhyccd_rsNtB5_6Camera17get_overscan_area
FNDA:0,_RNCNvMs0_Cs1PjXLhkVzPw_9qhyccd_rsNtB7_6Camera4open0B7_
FNDA:0,_RNCNvMs0_Cs1PjXLhkVzPw_9qhyccd_rsNtB7_6Camera10begin_live0B7_
FNDA:0,_RNCNvMs0_Cs1PjXLhkVzPw_9qhyccd_rsNtB7_6Camera18get_effective_area0B7_
FNDA:0,_RNvXsq_Cs1PjXLhkVzPw_9qhyccd_rsNtB5_7BayerIdNtNtCsgrwJl3FvtEB_4core3cmp9PartialEq2eqB5_
FNDA:0,_RNvXsB_Cs1PjXLhkVzPw_9qhyccd_rsNtB5_6CameraNtNtCsgrwJl3FvtEB_4core3fmt5Debug3fmt
FNDA:0,_RNCNvMs0_Cs1PjXLhkVzPw_9qhyccd_rsNtB7_6Camera16get_readout_mode0B7_
FNDA:0,_RNvXsA_Cs1PjXLhkVzPw_9qhyccd_rsNtB5_3SdkNtNtCsgrwJl3FvtEB_4core3cmp9PartialEq2eqB5_
FNDA:0,_RNCNvMs0_Cs1PjXLhkVzPw_9qhyccd_rsNtB7_6Camera12get_ccd_info0B7_
FNDA:0,_RNCNvMs0_Cs1PjXLhkVzPw_9qhyccd_rsNtB7_6Camera8get_type0B7_
FNDA:0,_RNvMs0_Cs1PjXLhkVzPw_9qhyccd_rsNtB5_6Camera10begin_live
FNDA:0,_RNvMs0_Cs1PjXLhkVzPw_9qhyccd_rsNtB5_6Camera18get_effective_area
FNDA:0,_RNvMs0_Cs1PjXLhkVzPw_9qhyccd_rsNtB5_6Camera16get_single_frame
FNDA:0,_RNvMs0_Cs1PjXLhkVzPw_9qhyccd_rsNtB5_6Camera13stop_exposure
FNDA:0,_RNvMs0_Cs1PjXLhkVzPw_9qhyccd_rsNtB5_6Camera12set_bit_mode
FNDA:0,_RNvXsi_Cs1PjXLhkVzPw_9qhyccd_rsNtB5_9ImageDataNtNtCsgrwJl3FvtEB_4core3cmp9PartialEq2eqB5_
FNDA:0,_RNCNvMs0_Cs1PjXLhkVzPw_9qhyccd_rsNtB7_6Camera27get_readout_mode_resolution0B7_
FNDA:0,_RNvXsC_Cs1PjXLhkVzPw_9qhyccd_rsNtB5_6CameraNtNtCsgrwJl3FvtEB_4core5clone5Clone5cloneB5_
FNDA:0,_RNCNvMs0_Cs1PjXLhkVzPw_9qhyccd_rsNtB7_6Camera12set_bin_mode0B7_
FNDA:0,_RNvXsx_Cs1PjXLhkVzPw_9qhyccd_rsNtB5_3SdkNtNtCsgrwJl3FvtEB_4core3fmt5Debug3fmt
FNDA:0,_RNCNvMs0_Cs1PjXLhkVzPw_9qhyccd_rsNtB7_6Camera11set_debayer0B7_
FNDA:0,_RNCNvMs0_Cs1PjXLhkVzPw_9qhyccd_rsNtB7_6Camera21get_readout_mode_names_0B7_
FNDA:0,_RNvXs7_Cs1PjXLhkVzPw_9qhyccd_rsNtB5_7ControlNtNtCsgrwJl3FvtEB_4core3cmp9PartialEq2eqB5_
FNDA:0,_RNvMs0_Cs1PjXLhkVzPw_9qhyccd_rsNtB5_6Camera9get_model
FNDA:0,_RNvMs0_Cs1PjXLhkVzPw_9qhyccd_rsNtB5_6Camera27get_number_of_readout_modes
FNDA:0,_RNvMs0_Cs1PjXLhkVzPw_9qhyccd_rsNtB5_6Camera20get_firmware_version
FNDA:0,_RNCNvMs0_Cs1PjXLhkVzPw_9qhyccd_rsNtB7_6Camera27get_number_of_readout_modes0B7_
FNDA:0,_RNvMs0_Cs1PjXLhkVzPw_9qhyccd_rsNtB5_6Camera12set_bin_mode
FNDA:0,_RNvMs0_Cs1PjXLhkVzPw_9qhyccd_rsNtB5_6Camera25get_remaining_exposure_us
FNDA:5,_RNCNvMCs1PjXLhkVzPw_9qhyccd_rsNtB4_3Sdk13filter_wheels0B4_
FNDA:0,_RNCNvXs_Cs1PjXLhkVzPw_9qhyccd_rsNtB6_3SdkNtNtNtCsgrwJl3FvtEB_4core3ops4drop4Drop4drop0B6_
FNDA:0,_RNCNvMCs1PjXLhkVzPw_9qhyccd_rsNtB4_3Sdk3news2_0B4_
FNDA:0,_RNCNvMs0_Cs1PjXLhkVzPw_9qhyccd_rsNtB7_6Camera3new0B7_
FNDA:0,_RNCNvMCs1PjXLhkVzPw_9qhyccd_rsNtB4_3Sdk3news_0B4_
FNDA:0,_RNCNvMs0_Cs1PjXLhkVzPw_9qhyccd_rsNtB7_6Camera17is_cfw_plugged_in0B7_
FNDA:0,_RNCNvMCs1PjXLhkVzPw_9qhyccd_rsNtB4_3Sdk3news1_0B4_
FNDA:0,_RNCNCNvMCs1PjXLhkVzPw_9qhyccd_rsNtB6_3Sdk13filter_wheels00B6_
FNDA:0,_RNCNvMs0_Cs1PjXLhkVzPw_9qhyccd_rsNtB7_6Camera3news_0B7_
FNDA:0,_RNCNvMCs1PjXLhkVzPw_9qhyccd_rsNtB4_3Sdk3news0_0B4_
FNDA:0,_RNCNvMCs1PjXLhkVzPw_9qhyccd_rsNtB4_3Sdk7version0B4_
FNDA:0,_RNCNvMCs1PjXLhkVzPw_9qhyccd_rsNtB4_3Sdk3new0B4_
FNF:113
FNH:9
DA:41,6
DA:126,0
DA:363,0
DA:372,0
DA:391,0
DA:406,0
DA:419,0
DA:432,0
DA:441,1
DA:454,0
DA:483,6
DA:484,6
DA:486,5
DA:488,1
DA:489,1
DA:490,1
DA:492,4
DA:493,1
DA:495,4
DA:496,5
DA:497,4
DA:498,5
DA:499,5
DA:500,5
DA:502,4
DA:503,4
DA:504,0
DA:505,0
DA:506,0
DA:509,4
DA:511,1
DA:512,1
DA:513,1
DA:514,1
DA:518,1
DA:519,4
DA:520,3
DA:521,1
DA:525,3
DA:527,1
DA:528,1
DA:529,1
DA:530,1
DA:533,6
DA:543,4
DA:544,4
DA:545,4
DA:555,3
DA:556,3
DA:557,3
DA:558,5
DA:559,2
DA:560,2
DA:561,1
DA:562,1
DA:563,1
DA:565,5
DA:566,3
DA:576,1
DA:577,1
DA:578,1
DA:579,1
DA:580,1
DA:581,1
DA:582,1
DA:583,1
DA:584,1
DA:585,1
DA:586,1
DA:587,1
DA:588,0
DA:589,0
DA:590,0
DA:591,0
DA:594,1
DA:599,3
DA:600,3
DA:601,3
DA:602,0
DA:603,0
DA:604,0
DA:607,3
DA:610,0
DA:629,4
DA:630,4
DA:631,4
DA:632,4
DA:633,4
DA:634,4
DA:635,1
DA:636,1
DA:637,1
DA:638,3
DA:639,3
DA:641,0
DA:642,0
DA:643,0
DA:647,4
DA:657,0
DA:658,0
DA:659,0
DA:669,0
DA:670,0
DA:671,0
DA:672,0
DA:673,0
DA:674,0
DA:675,0
DA:678,0
DA:689,0
DA:690,0
DA:691,0
DA:692,0
DA:693,0
DA:694,0
DA:695,0
DA:698,0
DA:709,0
DA:710,0
DA:711,0
DA:713,0
DA:714,0
DA:715,0
DA:716,0
DA:717,0
DA:720,0
DA:722,0
DA:723,0
DA:724,0
DA:725,0
DA:728,0
DA:739,0
DA:740,0
DA:741,0
DA:742,0
DA:743,0
DA:744,0
DA:745,0
DA:748,0
DA:759,0
DA:760,0
DA:761,0
DA:763,0
DA:764,0
DA:765,0
DA:766,0
DA:767,0
DA:768,0
DA:769,0
DA:771,0
DA:772,0
DA:773,0
DA:774,0
DA:775,0
DA:776,0
DA:779,0
DA:780,0
DA:781,0
DA:782,0
DA:785,0
DA:796,0
DA:797,0
DA:798,0
DA:800,0
DA:801,0
DA:802,0
DA:804,0
DA:806,0
DA:820,0
DA:821,0
DA:822,0
DA:824,0
DA:825,0
DA:826,0
DA:829,0
DA:830,0
DA:831,0
DA:832,0
DA:833,0
DA:836,0
DA:839,0
DA:853,0
DA:854,0
DA:855,0
DA:856,0
DA:857,0
DA:858,0
DA:859,0
DA:860,0
DA:861,0
DA:862,0
DA:863,0
DA:864,0
DA:866,0
DA:867,0
DA:868,0
DA:871,0
DA:883,0
DA:884,0
DA:885,0
DA:886,0
DA:888,0
DA:889,0
DA:890,0
DA:893,0
DA:905,0
DA:906,0
DA:908,0
DA:909,0
DA:910,0
DA:912,0
DA:914,0
DA:926,0
DA:927,0
DA:928,0
DA:929,0
DA:930,0
DA:931,0
DA:932,0
DA:935,0
DA:946,0
DA:947,0
DA:948,0
DA:949,0
DA:950,0
DA:951,0
DA:952,0
DA:955,0
DA:973,0
DA:974,0
DA:975,0
DA:976,0
DA:977,0
DA:978,0
DA:979,0
DA:980,0
DA:981,0
DA:984,0
DA:996,0
DA:997,0
DA:998,0
DA:999,0
DA:1000,0
DA:1001,0
DA:1002,0
DA:1005,0
DA:1019,0
DA:1020,0
DA:1021,0
DA:1022,0
DA:1023,0
DA:1024,0
DA:1025,0
DA:1028,0
DA:1045,0
DA:1046,0
DA:1048,0
DA:1049,0
DA:1050,0
DA:1052,0
DA:1054,0
DA:1081,0
DA:1082,0
DA:1083,0
DA:1084,0
DA:1085,0
DA:1086,0
DA:1087,0
DA:1088,0
DA:1089,0
DA:1090,0
DA:1091,0
DA:1092,0
DA:1093,0
DA:1094,0
DA:1095,0
DA:1096,0
DA:1097,0
DA:1098,0
DA:1099,0
DA:1100,0
DA:1101,0
DA:1102,0
DA:1103,0
DA:1104,0
DA:1105,0
DA:1106,0
DA:1107,0
DA:1110,0
DA:1127,0
DA:1128,0
DA:1129,0
DA:1130,0
DA:1131,0
DA:1132,0
DA:1133,0
DA:1134,0
DA:1135,0
DA:1136,0
DA:1137,0
DA:1138,0
DA:1139,0
DA:1140,0
DA:1141,0
DA:1142,0
DA:1143,0
DA:1144,0
DA:1145,0
DA:1146,0
DA:1147,0
DA:1148,0
DA:1149,0
DA:1150,0
DA:1151,0
DA:1152,0
DA:1153,0
DA:1156,0
DA:1167,0
DA:1168,0
DA:1169,0
DA:1170,0
DA:1171,0
DA:1172,0
DA:1173,0
DA:1174,0
DA:1175,0
DA:1176,0
DA:1177,0
DA:1178,0
DA:1179,0
DA:1180,0
DA:1181,0
DA:1182,0
DA:1183,0
DA:1184,0
DA:1185,0
DA:1186,0
DA:1187,0
DA:1188,0
DA:1189,0
DA:1190,0
DA:1193,0
DA:1204,0
DA:1205,0
DA:1206,0
DA:1207,0
DA:1208,0
DA:1209,0
DA:1210,0
DA:1211,0
DA:1212,0
DA:1213,0
DA:1214,0
DA:1215,0
DA:1216,0
DA:1217,0
DA:1218,0
DA:1219,0
DA:1220,0
DA:1221,0
DA:1222,0
DA:1223,0
DA:1224,0
DA:1225,0
DA:1226,0
DA:1227,0
DA:1230,0
DA:1246,0
DA:1247,0
DA:1248,0
DA:1249,0
DA:1250,0
DA:1251,0
DA:1252,0
DA:1255,0
DA:1270,0
DA:1272,0
DA:1273,0
DA:1274,0
DA:1276,0
DA:1277,0
DA:1279,0
DA:1293,0
DA:1294,0
DA:1295,0
DA:1296,0
DA:1297,0
DA:1298,0
DA:1299,0
DA:1302,0
DA:1314,0
DA:1315,0
DA:1316,0
DA:1317,0
DA:1318,0
DA:1319,0
DA:1320,0
DA:1323,0
DA:1341,0
DA:1342,0
DA:1344,0
DA:1345,0
DA:1346,0
DA:1348,0
DA:1350,0
DA:1361,0
DA:1362,0
DA:1363,0
DA:1364,0
DA:1365,0
DA:1366,0
DA:1367,0
DA:1368,0
DA:1369,0
DA:1370,0
DA:1371,0
DA:1372,0
DA:1373,0
DA:1374,0
DA:1375,0
DA:1376,0
DA:1377,0
DA:1378,0
DA:1379,0
DA:1380,0
DA:1381,0
DA:1382,0
DA:1383,0
DA:1384,0
DA:1385,0
DA:1386,0
DA:1387,0
DA:1388,0
DA:1389,0
DA:1390,0
DA:1391,0
DA:1392,0
DA:1393,0
DA:1396,0
DA:1407,0
DA:1408,0
DA:1409,0
DA:1410,0
DA:1411,0
DA:1412,0
DA:1413,0
DA:1416,0
DA:1429,0
DA:1430,0
DA:1431,0
DA:1432,0
DA:1433,0
DA:1434,0
DA:1436,0
DA:1438,0
DA:1448,0
DA:1449,0
DA:1450,0
DA:1451,0
DA:1452,0
DA:1453,0
DA:1454,0
DA:1457,0
DA:1468,0
DA:1469,0
DA:1470,0
DA:1471,0
DA:1473,0
DA:1487,5
DA:1488,5
DA:1489,2
DA:1490,2
DA:1492,1
DA:1493,1
DA:1494,1
DA:1497,5
DA:1508,0
DA:1509,0
DA:1510,0
DA:1511,0
DA:1512,0
DA:1513,0
DA:1514,0
DA:1515,0
DA:1516,0
DA:1517,0
DA:1518,0
DA:1519,0
DA:1521,0
DA:1522,0
DA:1523,0
DA:1527,0
DA:1538,0
DA:1539,0
DA:1540,0
DA:1541,0
DA:1542,0
DA:1543,0
DA:1544,0
DA:1547,0
DA:1557,0
DA:1558,0
DA:1559,0
DA:1560,0
DA:1562,0
BRF:0
BRH:0
LF:567
LH:86
end_of_record
SF:/home/parallels/projects/qhyccd-rs/src/mocks.rs
FN:18,_RNvXs2_NtNtNtCs1PjXLhkVzPw_9qhyccd_rs5mocks18mock_libqhyccd_sys23___SetQHYCCDDebayerOnOffNtB5_7MatcherNtNtCsgrwJl3FvtEB_4core3fmt7Display3fmt
FN:18,_RNvXs2_NtNtNtCs1PjXLhkVzPw_9qhyccd_rs5mocks18mock_libqhyccd_sys16___GetQHYCCDParamNtB5_7MatcherNtNtCsgrwJl3FvtEB_4core3fmt7Display3fmt
FN:18,_RNvMs6_NtNtNtCs1PjXLhkVzPw_9qhyccd_rs5mocks18mock_libqhyccd_sys20___IsQHYCCDCFWPluggedNtB5_11Expectation7is_done
FN:18,_RNvXsd_NtNtNtCs1PjXLhkVzPw_9qhyccd_rs5mocks18mock_libqhyccd_sys20___IsQHYCCDCFWPluggedNtB5_7ContextNtNtCsgrwJl3FvtEB_4core7default7Default7default
FN:18,_RNvMsb_NtNtNtCs1PjXLhkVzPw_9qhyccd_rs5mocks18mock_libqhyccd_sys20___IsQHYCCDCFWPluggedNtB5_16ExpectationGuard3new
FN:18,_RNvMsc_NtNtNtCs1PjXLhkVzPw_9qhyccd_rs5mocks18mock_libqhyccd_sys20___IsQHYCCDCFWPluggedNtB5_7Context13do_checkpoint
FN:18,_RNvMs4_NtNtNtCs1PjXLhkVzPw_9qhyccd_rs5mocks18mock_libqhyccd_sys20___IsQHYCCDCFWPluggedNtB5_6Common7is_done
FN:18,_RNvMs0_NtNtNtCs1PjXLhkVzPw_9qhyccd_rs5mocks18mock_libqhyccd_sys20___IsQHYCCDCFWPluggedNtB5_7Matcher7matches
FN:18,_RNvMs4_NtNtNtCs1PjXLhkVzPw_9qhyccd_rs5mocks18mock_libqhyccd_sys20___IsQHYCCDCFWPluggedNtB5_6Common15verify_sequence
FN:18,_RNvXs7_NtNtNtCs1PjXLhkVzPw_9qhyccd_rs5mocks18mock_libqhyccd_sys20___IsQHYCCDCFWPluggedNtB5_11ExpectationNtNtCsgrwJl3FvtEB_4core7default7Default7default
FN:18,_RNvMs8_NtNtNtCs1PjXLhkVzPw_9qhyccd_rs5mocks18mock_libqhyccd_sys20___IsQHYCCDCFWPluggedNtB5_12Expectations6expect
FN:18,_RNvMNtNtNtCs1PjXLhkVzPw_9qhyccd_rs5mocks18mock_libqhyccd_sys20___IsQHYCCDCFWPluggedNtB2_5Rfunc8call_mut
FN:18,_RNvMs8_NtNtNtCs1PjXLhkVzPw_9qhyccd_rs5mocks18mock_libqhyccd_sys20___IsQHYCCDCFWPluggedNtB5_12Expectations3new
FN:18,_RNvMs6_NtNtNtCs1PjXLhkVzPw_9qhyccd_rs5mocks18mock_libqhyccd_sys20___IsQHYCCDCFWPluggedNtB5_11Expectation7matches
FN:18,_RNvXs9_NtNtNtCs1PjXLhkVzPw_9qhyccd_rs5mocks18mock_libqhyccd_sys20___IsQHYCCDCFWPluggedNtB5_12ExpectationsNtNtCsgrwJl3FvtEB_4core7default7Default7default
FN:18,_RNvXs_NtNtNtCs1PjXLhkVzPw_9qhyccd_rs5mocks18mock_libqhyccd_sys20___IsQHYCCDCFWPluggedNtB4_5RfuncNtNtCsgrwJl3FvtEB_4core7default7Default7default
FN:18,_RNvXs3_NtNtNtCs1PjXLhkVzPw_9qhyccd_rs5mocks18mock_libqhyccd_sys20___IsQHYCCDCFWPluggedNtB5_6CommonNtNtCsgrwJl3FvtEB_4core7default7Default7default
FN:18,_RNvXs2_NtNtNtCs1PjXLhkVzPw_9qhyccd_rs5mocks18mock_libqhyccd_sys20___IsQHYCCDCFWPluggedNtB5_7MatcherNtNtCsgrwJl3FvtEB_4core3fmt7Display3fmt
FN:18,_RNvMs4_NtNtNtCs1PjXLhkVzPw_9qhyccd_rs5mocks18mock_libqhyccd_sys20___IsQHYCCDCFWPluggedNtB5_6Common7matches
FN:18,_RNvMs8_NtNtNtCs1PjXLhkVzPw_9qhyccd_rs5mocks18mock_libqhyccd_sys20___IsQHYCCDCFWPluggedNtB5_12Expectations10checkpoint
FN:18,_RNvMs6_NtNtNtCs1PjXLhkVzPw_9qhyccd_rs5mocks18mock_libqhyccd_sys20___IsQHYCCDCFWPluggedNtB5_11Expectation4call
FN:18,_RNvMs4_NtNtNtCs1PjXLhkVzPw_9qhyccd_rs5mocks18mock_libqhyccd_sys20___IsQHYCCDCFWPluggedNtB5_6Common4call
FN:18,_RNvXs1_NtNtNtCs1PjXLhkVzPw_9qhyccd_rs5mocks18mock_libqhyccd_sys20___IsQHYCCDCFWPluggedNtB5_7MatcherNtNtCsgrwJl3FvtEB_4core7default7Default7default
FN:18,_RNvMs4_NtNtNtCs1PjXLhkVzPw_9qhyccd_rs5mocks18mock_libqhyccd_sys20___IsQHYCCDCFWPluggedNtB5_6Common16satisfy_sequence
FN:18,_RNvMsa_NtNtNtCs1PjXLhkVzPw_9qhyccd_rs5mocks18mock_libqhyccd_sys20___IsQHYCCDCFWPluggedNtB5_12Expectations4call
FN:18,_RNvMsc_NtNtNtCs1PjXLhkVzPw_9qhyccd_rs5mocks18mock_libqhyccd_sys20___IsQHYCCDCFWPluggedNtB5_7Context6expect
FN:18,_RNCNvMs6_NtNtNtCs1PjXLhkVzPw_9qhyccd_rs5mocks18mock_libqhyccd_sys23___ReleaseQHYCCDResourceNtB7_11Expectation4call0Bd_
FN:18,_RNCINvMs6_NtNtNtCs1PjXLhkVzPw_9qhyccd_rs5mocks18mock_libqhyccd_sys23___ReleaseQHYCCDResourceNtB8_11Expectation15return_const_stmE0Be_
FN:18,_RNCNvMs4_NtNtNtCs1PjXLhkVzPw_9qhyccd_rs5mocks18mock_libqhyccd_sys23___ReleaseQHYCCDResourceNtB7_6Common4call0Bd_
FN:18,_RINvMs6_NtNtNtCs1PjXLhkVzPw_9qhyccd_rs5mocks18mock_libqhyccd_sys23___ReleaseQHYCCDResourceNtB6_11Expectation12returning_stNCINvB2_15return_const_stmE0EBc_
FN:18,_RNCNvMsa_NtNtNtCs1PjXLhkVzPw_9qhyccd_rs5mocks18mock_libqhyccd_sys23___ReleaseQHYCCDResourceNtB7_12Expectations4call0Bd_
FN:18,_RINvMs6_NtNtNtCs1PjXLhkVzPw_9qhyccd_rs5mocks18mock_libqhyccd_sys23___ReleaseQHYCCDResourceNtB6_11Expectation15return_const_stmEBc_
FN:18,_RINvMs6_NtNtNtCs1PjXLhkVzPw_9qhyccd_rs5mocks18mock_libqhyccd_sys23___ReleaseQHYCCDResourceNtB6_11Expectation5timesjEBc_
FN:18,_RINvMsb_NtNtNtCs1PjXLhkVzPw_9qhyccd_rs5mocks18mock_libqhyccd_sys23___ReleaseQHYCCDResourceNtB6_16ExpectationGuard5timesjEBc_
FN:18,_RINvMsb_NtNtNtCs1PjXLhkVzPw_9qhyccd_rs5mocks18mock_libqhyccd_sys23___ReleaseQHYCCDResourceNtB6_16ExpectationGuard15return_const_stmEBc_
FN:18,_RINvMs4_NtNtNtCs1PjXLhkVzPw_9qhyccd_rs5mocks18mock_libqhyccd_sys23___ReleaseQHYCCDResourceNtB6_6Common5timesjEBc_
FN:18,_RNCNvMsa_NtNtNtCs1PjXLhkVzPw_9qhyccd_rs5mocks18mock_libqhyccd_sys23___ReleaseQHYCCDResourceNtB7_12Expectations4calls_0Bd_
FN:18,_RNCNvMs0_NtNtNtCs1PjXLhkVzPw_9qhyccd_rs5mocks18mock_libqhyccd_sys23___ReleaseQHYCCDResourceNtB7_7Matcher7matches0Bd_
FN:18,_RNCNvMs0_NtNtNtCs1PjXLhkVzPw_9qhyccd_rs5mocks18mock_libqhyccd_sys20___InitQHYCCDResourceNtB7_7Matcher7matches0Bd_
FN:18,_RNCNvMs6_NtNtNtCs1PjXLhkVzPw_9qhyccd_rs5mocks18mock_libqhyccd_sys20___InitQHYCCDResourceNtB7_11Expectation4call0Bd_
FN:18,_RNCINvMs6_NtNtNtCs1PjXLhkVzPw_9qhyccd_rs5mocks18mock_libqhyccd_sys20___InitQHYCCDResourceNtB8_11Expectation15return_const_stmE0Be_
FN:18,_RNCNvMs4_NtNtNtCs1PjXLhkVzPw_9qhyccd_rs5mocks18mock_libqhyccd_sys20___InitQHYCCDResourceNtB7_6Common4call0Bd_
FN:18,_RINvMs6_NtNtNtCs1PjXLhkVzPw_9qhyccd_rs5mocks18mock_libqhyccd_sys20___InitQHYCCDResourceNtB6_11Expectation12returning_stNCINvB2_15return_const_stmE0EBc_
FN:18,_RNCNvMsa_NtNtNtCs1PjXLhkVzPw_9qhyccd_rs5mocks18mock_libqhyccd_sys20___InitQHYCCDResourceNtB7_12Expectations4call0Bd_
FN:18,_RINvMs6_NtNtNtCs1PjXLhkVzPw_9qhyccd_rs5mocks18mock_libqhyccd_sys20___InitQHYCCDResourceNtB6_11Expectation15return_const_stmEBc_
FN:18,_RINvMs6_NtNtNtCs1PjXLhkVzPw_9qhyccd_rs5mocks18mock_libqhyccd_sys20___InitQHYCCDResourceNtB6_11Expectation5timesjEBc_
FN:18,_RINvMsb_NtNtNtCs1PjXLhkVzPw_9qhyccd_rs5mocks18mock_libqhyccd_sys20___InitQHYCCDResourceNtB6_16ExpectationGuard5timesjEBc_
FN:18,_RINvMs4_NtNtNtCs1PjXLhkVzPw_9qhyccd_rs5mocks18mock_libqhyccd_sys20___InitQHYCCDResourceNtB6_6Common5timesjEBc_
FN:18,_RNCNvMsa_NtNtNtCs1PjXLhkVzPw_9qhyccd_rs5mocks18mock_libqhyccd_sys20___InitQHYCCDResourceNtB7_12Expectations4calls_0Bd_
FN:18,_RNvXs2_NtNtNtCs1PjXLhkVzPw_9qhyccd_rs5mocks18mock_libqhyccd_sys18___SetQHYCCDBinModeNtB5_7MatcherNtNtCsgrwJl3FvtEB_4core3fmt7Display3fmt
FN:18,_RINvMs6_NtNtNtCs1PjXLhkVzPw_9qhyccd_rs5mocks18mock_libqhyccd_sys13___GetQHYCCDIdNtB6_11Expectation15return_const_stmEBc_
FN:18,_RNCNvMs4_NtNtNtCs1PjXLhkVzPw_9qhyccd_rs5mocks18mock_libqhyccd_sys13___GetQHYCCDIdNtB7_6Common4call0Bd_
FN:18,_RINvMs4_NtNtNtCs1PjXLhkVzPw_9qhyccd_rs5mocks18mock_libqhyccd_sys13___GetQHYCCDIdNtB6_6Common5timesjEBc_
FN:18,_RINvMs6_NtNtNtCs1PjXLhkVzPw_9qhyccd_rs5mocks18mock_libqhyccd_sys13___GetQHYCCDIdNtB6_11Expectation5timesjEBc_
FN:18,_RNCINvMs6_NtNtNtCs1PjXLhkVzPw_9qhyccd_rs5mocks18mock_libqhyccd_sys13___GetQHYCCDIdNtB8_11Expectation15return_const_stmE0Be_
FN:18,_RNCNvMs0_NtNtNtCs1PjXLhkVzPw_9qhyccd_rs5mocks18mock_libqhyccd_sys13___GetQHYCCDIdNtB7_7Matcher7matches0Bd_
FN:18,_RINvMs6_NtNtNtCs1PjXLhkVzPw_9qhyccd_rs5mocks18mock_libqhyccd_sys13___GetQHYCCDIdNtB6_11Expectation12returning_stNCINvB2_15return_const_stmE0EBc_
FN:18,_RINvMs6_NtNtNtCs1PjXLhkVzPw_9qhyccd_rs5mocks18mock_libqhyccd_sys13___GetQHYCCDIdNtB6_11Expectation12returning_stNCNvNtBc_9sdk_testss_11new_success0EBc_
FN:18,_RINvMs6_NtNtNtCs1PjXLhkVzPw_9qhyccd_rs5mocks18mock_libqhyccd_sys13___GetQHYCCDIdNtB6_11Expectation12returning_stNCNvNtBc_9sdk_testss_19new_camera_new_fail0EBc_
FN:18,_RNCNvMsa_NtNtNtCs1PjXLhkVzPw_9qhyccd_rs5mocks18mock_libqhyccd_sys13___GetQHYCCDIdNtB7_12Expectations4call0Bd_
FN:18,_RINvMsb_NtNtNtCs1PjXLhkVzPw_9qhyccd_rs5mocks18mock_libqhyccd_sys13___GetQHYCCDIdNtB6_16ExpectationGuard5timesjEBc_
FN:18,_RNCNvMs6_NtNtNtCs1PjXLhkVzPw_9qhyccd_rs5mocks18mock_libqhyccd_sys13___GetQHYCCDIdNtB7_11Expectation4call0Bd_
FN:18,_RINvMs6_NtNtNtCs1PjXLhkVzPw_9qhyccd_rs5mocks18mock_libqhyccd_sys13___GetQHYCCDIdNtB6_11Expectation12returning_stNCNvNtBc_9sdk_testss_19new_is_plugged_fail0EBc_
FN:18,_RNCNvMsa_NtNtNtCs1PjXLhkVzPw_9qhyccd_rs5mocks18mock_libqhyccd_sys13___GetQHYCCDIdNtB7_12Expectations4calls_0Bd_
FN:18,_RNvXs2_NtNtNtCs1PjXLhkVzPw_9qhyccd_rs5mocks18mock_libqhyccd_sys19___SetQHYCCDBitsModeNtB5_7MatcherNtNtCsgrwJl3FvtEB_4core3fmt7Display3fmt
FN:18,_RNvXs2_NtNtNtCs1PjXLhkVzPw_9qhyccd_rs5mocks18mock_libqhyccd_sys20___GetQHYCCDLiveFrameNtB5_7MatcherNtNtCsgrwJl3FvtEB_4core3fmt7Display3fmt
FN:18,_RNvXse_NtNtNtCs1PjXLhkVzPw_9qhyccd_rs5mocks18mock_libqhyccd_sys13___GetQHYCCDIdNtB5_7ContextNtNtNtCsgrwJl3FvtEB_4core3ops4drop4Drop4drop
FN:18,_RNvXs5_NtNtNtCs1PjXLhkVzPw_9qhyccd_rs5mocks18mock_libqhyccd_sys18___SetQHYCCDBinModeNtB5_6CommonNtNtNtCsgrwJl3FvtEB_4core3ops4drop4Drop4drop
FN:18,_RNvXs5_NtNtNtCs1PjXLhkVzPw_9qhyccd_rs5mocks18mock_libqhyccd_sys16___SetQHYCCDParamNtB5_6CommonNtNtNtCsgrwJl3FvtEB_4core3ops4drop4Drop4drop
FN:18,_RNvXs5_NtNtNtCs1PjXLhkVzPw_9qhyccd_rs5mocks18mock_libqhyccd_sys32___CancelQHYCCDExposingAndReadoutNtB5_6CommonNtNtNtCsgrwJl3FvtEB_4core3ops4drop4Drop4drop
FN:18,_RNvXs5_NtNtNtCs1PjXLhkVzPw_9qhyccd_rs5mocks18mock_libqhyccd_sys20___InitQHYCCDResourceNtB5_6CommonNtNtNtCsgrwJl3FvtEB_4core3ops4drop4Drop4drop
FN:18,_RNvXse_NtNtNtCs1PjXLhkVzPw_9qhyccd_rs5mocks18mock_libqhyccd_sys20___InitQHYCCDResourceNtB5_7ContextNtNtNtCsgrwJl3FvtEB_4core3ops4drop4Drop4drop
FN:18,_RNvXs5_NtNtNtCs1PjXLhkVzPw_9qhyccd_rs5mocks18mock_libqhyccd_sys26___IsQHYCCDControlAvailableNtB5_6CommonNtNtNtCsgrwJl3FvtEB_4core3ops4drop4Drop4drop
FN:18,_RNvXs5_NtNtNtCs1PjXLhkVzPw_9qhyccd_rs5mocks18mock_libqhyccd_sys20___IsQHYCCDCFWPluggedNtB5_6CommonNtNtNtCsgrwJl3FvtEB_4core3ops4drop4Drop4drop
FN:18,_RNvXs5_NtNtNtCs1PjXLhkVzPw_9qhyccd_rs5mocks18mock_libqhyccd_sys12___InitQHYCCDNtB5_6CommonNtNtNtCsgrwJl3FvtEB_4core3ops4drop4Drop4drop
FN:18,_RNvXse_NtNtNtCs1PjXLhkVzPw_9qhyccd_rs5mocks18mock_libqhyccd_sys12___OpenQHYCCDNtB5_7ContextNtNtNtCsgrwJl3FvtEB_4core3ops4drop4Drop4drop
FN:18,_RNvXs5_NtNtNtCs1PjXLhkVzPw_9qhyccd_rs5mocks18mock_libqhyccd_sys22___GetQHYCCDSingleFrameNtB5_6CommonNtNtNtCsgrwJl3FvtEB_4core3ops4drop4Drop4drop
FN:18,_RNvXs5_NtNtNtCs1PjXLhkVzPw_9qhyccd_rs5mocks18mock_libqhyccd_sys19___GetQHYCCDChipInfoNtB5_6CommonNtNtNtCsgrwJl3FvtEB_4core3ops4drop4Drop4drop
FN:18,_RNvXse_NtNtNtCs1PjXLhkVzPw_9qhyccd_rs5mocks18mock_libqhyccd_sys21___GetQHYCCDSDKVersionNtB5_7ContextNtNtNtCsgrwJl3FvtEB_4core3ops4drop4Drop4drop
FN:18,_RNvXs5_NtNtNtCs1PjXLhkVzPw_9qhyccd_rs5mocks18mock_libqhyccd_sys21___SetQHYCCDStreamModeNtB5_6CommonNtNtNtCsgrwJl3FvtEB_4core3ops4drop4Drop4drop
FN:18,_RNvXs5_NtNtNtCs1PjXLhkVzPw_9qhyccd_rs5mocks18mock_libqhyccd_sys28___GetQHYCCDNumberOfReadModesNtB5_6CommonNtNtNtCsgrwJl3FvtEB_4core3ops4drop4Drop4drop
FN:18,_RNvXs5_NtNtNtCs1PjXLhkVzPw_9qhyccd_rs5mocks18mock_libqhyccd_sys12___OpenQHYCCDNtB5_6CommonNtNtNtCsgrwJl3FvtEB_4core3ops4drop4Drop4drop
FN:18,_RNvXs5_NtNtNtCs1PjXLhkVzPw_9qhyccd_rs5mocks18mock_libqhyccd_sys16___GetQHYCCDParamNtB5_6CommonNtNtNtCsgrwJl3FvtEB_4core3ops4drop4Drop4drop
FN:18,_RNvXs5_NtNtNtCs1PjXLhkVzPw_9qhyccd_rs5mocks18mock_libqhyccd_sys15___GetQHYCCDTypeNtB5_6CommonNtNtNtCsgrwJl3FvtEB_4core3ops4drop4Drop4drop
FN:18,_RNvXs5_NtNtNtCs1PjXLhkVzPw_9qhyccd_rs5mocks18mock_libqhyccd_sys20___GetQHYCCDFWVersionNtB5_6CommonNtNtNtCsgrwJl3FvtEB_4core3ops4drop4Drop4drop
FN:18,_RNvXs5_NtNtNtCs1PjXLhkVzPw_9qhyccd_rs5mocks18mock_libqhyccd_sys28___GetQHYCCDExposureRemainingNtB5_6CommonNtNtNtCsgrwJl3FvtEB_4core3ops4drop4Drop4drop
FN:18,_RNvXs5_NtNtNtCs1PjXLhkVzPw_9qhyccd_rs5mocks18mock_libqhyccd_sys23___SetQHYCCDDebayerOnOffNtB5_6CommonNtNtNtCsgrwJl3FvtEB_4core3ops4drop4Drop4drop
FN:18,_RNvXs5_NtNtNtCs1PjXLhkVzPw_9qhyccd_rs5mocks18mock_libqhyccd_sys16___StopQHYCCDLiveNtB5_6CommonNtNtNtCsgrwJl3FvtEB_4core3ops4drop4Drop4drop
FN:18,_RNvXs5_NtNtNtCs1PjXLhkVzPw_9qhyccd_rs5mocks18mock_libqhyccd_sys29___GetQHYCCDReadModeResolutionNtB5_6CommonNtNtNtCsgrwJl3FvtEB_4core3ops4drop4Drop4drop
FN:18,_RNvXs5_NtNtNtCs1PjXLhkVzPw_9qhyccd_rs5mocks18mock_libqhyccd_sys16___GetQHYCCDModelNtB5_6CommonNtNtNtCsgrwJl3FvtEB_4core3ops4drop4Drop4drop
FN:18,_RNvXs5_NtNtNtCs1PjXLhkVzPw_9qhyccd_rs5mocks18mock_libqhyccd_sys17___BeginQHYCCDLiveNtB5_6CommonNtNtNtCsgrwJl3FvtEB_4core3ops4drop4Drop4drop
FN:18,_RNvXse_NtNtNtCs1PjXLhkVzPw_9qhyccd_rs5mocks18mock_libqhyccd_sys20___IsQHYCCDCFWPluggedNtB5_7ContextNtNtNtCsgrwJl3FvtEB_4core3ops4drop4Drop4drop
FN:18,_RNvXs5_NtNtNtCs1PjXLhkVzPw_9qhyccd_rs5mocks18mock_libqhyccd_sys22___ExpQHYCCDSingleFrameNtB5_6CommonNtNtNtCsgrwJl3FvtEB_4core3ops4drop4Drop4drop
FN:18,_RNvXs5_NtNtNtCs1PjXLhkVzPw_9qhyccd_rs5mocks18mock_libqhyccd_sys12___ScanQHYCCDNtB5_6CommonNtNtNtCsgrwJl3FvtEB_4core3ops4drop4Drop4drop
FN:18,_RNvXs5_NtNtNtCs1PjXLhkVzPw_9qhyccd_rs5mocks18mock_libqhyccd_sys13___CloseQHYCCDNtB5_6CommonNtNtNtCsgrwJl3FvtEB_4core3ops4drop4Drop4drop
FN:18,_RNvXs5_NtNtNtCs1PjXLhkVzPw_9qhyccd_rs5mocks18mock_libqhyccd_sys21___GetQHYCCDSDKVersionNtB5_6CommonNtNtNtCsgrwJl3FvtEB_4core3ops4drop4Drop4drop
FN:18,_RNvXs5_NtNtNtCs1PjXLhkVzPw_9qhyccd_rs5mocks18mock_libqhyccd_sys23___GetQHYCCDReadModeNameNtB5_6CommonNtNtNtCsgrwJl3FvtEB_4core3ops4drop4Drop4drop
FN:18,_RNvXs5_NtNtNtCs1PjXLhkVzPw_9qhyccd_rs5mocks18mock_libqhyccd_sys13___GetQHYCCDIdNtB5_6CommonNtNtNtCsgrwJl3FvtEB_4core3ops4drop4Drop4drop
FN:18,_RNvXs5_NtNtNtCs1PjXLhkVzPw_9qhyccd_rs5mocks18mock_libqhyccd_sys20___GetQHYCCDMemLengthNtB5_6CommonNtNtNtCsgrwJl3FvtEB_4core3ops4drop4Drop4drop
FN:18,_RNvXse_NtNtNtCs1PjXLhkVzPw_9qhyccd_rs5mocks18mock_libqhyccd_sys12___ScanQHYCCDNtB5_7ContextNtNtNtCsgrwJl3FvtEB_4core3ops4drop4Drop4drop
FN:18,_RNvXs5_NtNtNtCs1PjXLhkVzPw_9qhyccd_rs5mocks18mock_libqhyccd_sys19___SetQHYCCDReadModeNtB5_6CommonNtNtNtCsgrwJl3FvtEB_4core3ops4drop4Drop4drop
FN:18,_RNvXs5_NtNtNtCs1PjXLhkVzPw_9qhyccd_rs5mocks18mock_libqhyccd_sys23___ReleaseQHYCCDResourceNtB5_6CommonNtNtNtCsgrwJl3FvtEB_4core3ops4drop4Drop4drop
FN:18,_RNvXse_NtNtNtCs1PjXLhkVzPw_9qhyccd_rs5mocks18mock_libqhyccd_sys23___ReleaseQHYCCDResourceNtB5_7ContextNtNtNtCsgrwJl3FvtEB_4core3ops4drop4Drop4drop
FN:18,_RNvXs5_NtNtNtCs1PjXLhkVzPw_9qhyccd_rs5mocks18mock_libqhyccd_sys19___GetQHYCCDReadModeNtB5_6CommonNtNtNtCsgrwJl3FvtEB_4core3ops4drop4Drop4drop
FN:18,_RNvXs5_NtNtNtCs1PjXLhkVzPw_9qhyccd_rs5mocks18mock_libqhyccd_sys20___GetQHYCCDLiveFrameNtB5_6CommonNtNtNtCsgrwJl3FvtEB_4core3ops4drop4Drop4drop
FN:18,_RNvXs5_NtNtNtCs1PjXLhkVzPw_9qhyccd_rs5mocks18mock_libqhyccd_sys21___SetQHYCCDResolutionNtB5_6CommonNtNtNtCsgrwJl3FvtEB_4core3ops4drop4Drop4drop
FN:18,_RNvXs5_NtNtNtCs1PjXLhkVzPw_9qhyccd_rs5mocks18mock_libqhyccd_sys22___CancelQHYCCDExposingNtB5_6CommonNtNtNtCsgrwJl3FvtEB_4core3ops4drop4Drop4drop
FN:18,_RNvXs5_NtNtNtCs1PjXLhkVzPw_9qhyccd_rs5mocks18mock_libqhyccd_sys23___GetQHYCCDOverScanAreaNtB5_6CommonNtNtNtCsgrwJl3FvtEB_4core3ops4drop4Drop4drop
FN:18,_RNvXs5_NtNtNtCs1PjXLhkVzPw_9qhyccd_rs5mocks18mock_libqhyccd_sys24___GetQHYCCDEffectiveAreaNtB5_6CommonNtNtNtCsgrwJl3FvtEB_4core3ops4drop4Drop4drop
FN:18,_RNvXs5_NtNtNtCs1PjXLhkVzPw_9qhyccd_rs5mocks18mock_libqhyccd_sys19___SetQHYCCDBitsModeNtB5_6CommonNtNtNtCsgrwJl3FvtEB_4core3ops4drop4Drop4drop
FN:18,_RNvMs4_NtNtNtCs1PjXLhkVzPw_9qhyccd_rs5mocks18mock_libqhyccd_sys21___GetQHYCCDSDKVersionNtB5_6Common16satisfy_sequence
FN:18,_RNvMs4_NtNtNtCs1PjXLhkVzPw_9qhyccd_rs5mocks18mock_libqhyccd_sys21___GetQHYCCDSDKVersionNtB5_6Common4call
FN:18,_RNvMs8_NtNtNtCs1PjXLhkVzPw_9qhyccd_rs5mocks18mock_libqhyccd_sys21___GetQHYCCDSDKVersionNtB5_12Expectations10checkpoint
FN:18,_RNvMsa_NtNtNtCs1PjXLhkVzPw_9qhyccd_rs5mocks18mock_libqhyccd_sys21___GetQHYCCDSDKVersionNtB5_12Expectations4call
FN:18,_RNvMsc_NtNtNtCs1PjXLhkVzPw_9qhyccd_rs5mocks18mock_libqhyccd_sys21___GetQHYCCDSDKVersionNtB5_7Context6expect
FN:18,_RNvMsb_NtNtNtCs1PjXLhkVzPw_9qhyccd_rs5mocks18mock_libqhyccd_sys21___GetQHYCCDSDKVersionNtB5_16ExpectationGuard3new
FN:18,_RNvMs6_NtNtNtCs1PjXLhkVzPw_9qhyccd_rs5mocks18mock_libqhyccd_sys21___GetQHYCCDSDKVersionNtB5_11Expectation4call
FN:18,_RNvMs4_NtNtNtCs1PjXLhkVzPw_9qhyccd_rs5mocks18mock_libqhyccd_sys21___GetQHYCCDSDKVersionNtB5_6Common7is_done
FN:18,_RNvXs7_NtNtNtCs1PjXLhkVzPw_9qhyccd_rs5mocks18mock_libqhyccd_sys21___GetQHYCCDSDKVersionNtB5_11ExpectationNtNtCsgrwJl3FvtEB_4core7default7Default7default
FN:18,_RNvMs6_NtNtNtCs1PjXLhkVzPw_9qhyccd_rs5mocks18mock_libqhyccd_sys21___GetQHYCCDSDKVersionNtB5_11Expectation7matches
FN:18,_RNvMs8_NtNtNtCs1PjXLhkVzPw_9qhyccd_rs5mocks18mock_libqhyccd_sys21___GetQHYCCDSDKVersionNtB5_12Expectations6expect
FN:18,_RNvMNtNtNtCs1PjXLhkVzPw_9qhyccd_rs5mocks18mock_libqhyccd_sys21___GetQHYCCDSDKVersionNtB2_5Rfunc8call_mut
FN:18,_RNvXsd_NtNtNtCs1PjXLhkVzPw_9qhyccd_rs5mocks18mock_libqhyccd_sys21___GetQHYCCDSDKVersionNtB5_7ContextNtNtCsgrwJl3FvtEB_4core7default7Default7default
FN:18,_RNvMs8_NtNtNtCs1PjXLhkVzPw_9qhyccd_rs5mocks18mock_libqhyccd_sys21___GetQHYCCDSDKVersionNtB5_12Expectations3new
FN:18,_RNvMsc_NtNtNtCs1PjXLhkVzPw_9qhyccd_rs5mocks18mock_libqhyccd_sys21___GetQHYCCDSDKVersionNtB5_7Context13do_checkpoint
FN:18,_RNvXs1_NtNtNtCs1PjXLhkVzPw_9qhyccd_rs5mocks18mock_libqhyccd_sys21___GetQHYCCDSDKVersionNtB5_7MatcherNtNtCsgrwJl3FvtEB_4core7default7Default7default
FN:18,_RNvMs4_NtNtNtCs1PjXLhkVzPw_9qhyccd_rs5mocks18mock_libqhyccd_sys21___GetQHYCCDSDKVersionNtB5_6Common15verify_sequence
FN:18,_RNvXs9_NtNtNtCs1PjXLhkVzPw_9qhyccd_rs5mocks18mock_libqhyccd_sys21___GetQHYCCDSDKVersionNtB5_12ExpectationsNtNtCsgrwJl3FvtEB_4core7default7Default7default
FN:18,_RNvXs_NtNtNtCs1PjXLhkVzPw_9qhyccd_rs5mocks18mock_libqhyccd_sys21___GetQHYCCDSDKVersionNtB4_5RfuncNtNtCsgrwJl3FvtEB_4core7default7Default7default
FN:18,_RNvMs6_NtNtNtCs1PjXLhkVzPw_9qhyccd_rs5mocks18mock_libqhyccd_sys21___GetQHYCCDSDKVersionNtB5_11Expectation7is_done
FN:18,_RNvMs4_NtNtNtCs1PjXLhkVzPw_9qhyccd_rs5mocks18mock_libqhyccd_sys21___GetQHYCCDSDKVersionNtB5_6Common7matches
FN:18,_RNvXs2_NtNtNtCs1PjXLhkVzPw_9qhyccd_rs5mocks18mock_libqhyccd_sys21___GetQHYCCDSDKVersionNtB5_7MatcherNtNtCsgrwJl3FvtEB_4core3fmt7Display3fmt
FN:18,_RNvXs3_NtNtNtCs1PjXLhkVzPw_9qhyccd_rs5mocks18mock_libqhyccd_sys21___GetQHYCCDSDKVersionNtB5_6CommonNtNtCsgrwJl3FvtEB_4core7default7Default7default
FN:18,_RNCNvMs4_NtNtNtCs1PjXLhkVzPw_9qhyccd_rs5mocks18mock_libqhyccd_sys12___ScanQHYCCDNtB7_6Common4call0Bd_
FN:18,_RNCNvMsa_NtNtNtCs1PjXLhkVzPw_9qhyccd_rs5mocks18mock_libqhyccd_sys12___ScanQHYCCDNtB7_12Expectations4call0Bd_
FN:18,_RINvMs6_NtNtNtCs1PjXLhkVzPw_9qhyccd_rs5mocks18mock_libqhyccd_sys12___ScanQHYCCDNtB6_11Expectation15return_const_stmEBc_
FN:18,_RINvMs6_NtNtNtCs1PjXLhkVzPw_9qhyccd_rs5mocks18mock_libqhyccd_sys12___ScanQHYCCDNtB6_11Expectation5timesjEBc_
FN:18,_RINvMsb_NtNtNtCs1PjXLhkVzPw_9qhyccd_rs5mocks18mock_libqhyccd_sys12___ScanQHYCCDNtB6_16ExpectationGuard5timesjEBc_
FN:18,_RINvMs6_NtNtNtCs1PjXLhkVzPw_9qhyccd_rs5mocks18mock_libqhyccd_sys12___ScanQHYCCDNtB6_11Expectation12returning_stNCINvB2_15return_const_stmE0EBc_
FN:18,_RNCNvMsa_NtNtNtCs1PjXLhkVzPw_9qhyccd_rs5mocks18mock_libqhyccd_sys12___ScanQHYCCDNtB7_12Expectations4calls_0Bd_
FN:18,_RNCNvMs0_NtNtNtCs1PjXLhkVzPw_9qhyccd_rs5mocks18mock_libqhyccd_sys12___ScanQHYCCDNtB7_7Matcher7matches0Bd_
FN:18,_RINvMs4_NtNtNtCs1PjXLhkVzPw_9qhyccd_rs5mocks18mock_libqhyccd_sys12___ScanQHYCCDNtB6_6Common5timesjEBc_
FN:18,_RNCINvMs6_NtNtNtCs1PjXLhkVzPw_9qhyccd_rs5mocks18mock_libqhyccd_sys12___ScanQHYCCDNtB8_11Expectation15return_const_stmE0Be_
FN:18,_RNCNvMs6_NtNtNtCs1PjXLhkVzPw_9qhyccd_rs5mocks18mock_libqhyccd_sys12___ScanQHYCCDNtB7_11Expectation4call0Bd_
FN:18,_RNvXs2_NtNtNtCs1PjXLhkVzPw_9qhyccd_rs5mocks18mock_libqhyccd_sys23___GetQHYCCDReadModeNameNtB5_7MatcherNtNtCsgrwJl3FvtEB_4core3fmt7Display3fmt
FN:18,_RNvXs2_NtNtNtCs1PjXLhkVzPw_9qhyccd_rs5mocks18mock_libqhyccd_sys16___GetQHYCCDModelNtB5_7MatcherNtNtCsgrwJl3FvtEB_4core3fmt7Display3fmt
FN:18,_RNvXs2_NtNtNtCs1PjXLhkVzPw_9qhyccd_rs5mocks18mock_libqhyccd_sys19___GetQHYCCDChipInfoNtB5_7MatcherNtNtCsgrwJl3FvtEB_4core3fmt7Display3fmt
FN:18,_RNvXs9_NtNtNtCs1PjXLhkVzPw_9qhyccd_rs5mocks18mock_libqhyccd_sys12___OpenQHYCCDNtB5_12ExpectationsNtNtCsgrwJl3FvtEB_4core7default7Default7default
FN:18,_RNvXs2_NtNtNtCs1PjXLhkVzPw_9qhyccd_rs5mocks18mock_libqhyccd_sys12___OpenQHYCCDNtB5_7MatcherNtNtCsgrwJl3FvtEB_4core3fmt7Display3fmt
FN:18,_RNvXs3_NtNtNtCs1PjXLhkVzPw_9qhyccd_rs5mocks18mock_libqhyccd_sys12___OpenQHYCCDNtB5_6CommonNtNtCsgrwJl3FvtEB_4core7default7Default7default
FN:18,_RNvMs4_NtNtNtCs1PjXLhkVzPw_9qhyccd_rs5mocks18mock_libqhyccd_sys12___OpenQHYCCDNtB5_6Common7matches
FN:18,_RNvMs8_NtNtNtCs1PjXLhkVzPw_9qhyccd_rs5mocks18mock_libqhyccd_sys12___OpenQHYCCDNtB5_12Expectations10checkpoint
FN:18,_RNvMs8_NtNtNtCs1PjXLhkVzPw_9qhyccd_rs5mocks18mock_libqhyccd_sys12___OpenQHYCCDNtB5_12Expectations3new
FN:18,_RNvMs6_NtNtNtCs1PjXLhkVzPw_9qhyccd_rs5mocks18mock_libqhyccd_sys12___OpenQHYCCDNtB5_11Expectation4call
FN:18,_RNvMs4_NtNtNtCs1PjXLhkVzPw_9qhyccd_rs5mocks18mock_libqhyccd_sys12___OpenQHYCCDNtB5_6Common4call
FN:18,_RNvXs1_NtNtNtCs1PjXLhkVzPw_9qhyccd_rs5mocks18mock_libqhyccd_sys12___OpenQHYCCDNtB5_7MatcherNtNtCsgrwJl3FvtEB_4core7default7Default7default
FN:18,_RNvMs4_NtNtNtCs1PjXLhkVzPw_9qhyccd_rs5mocks18mock_libqhyccd_sys12___OpenQHYCCDNtB5_6Common16satisfy_sequence
FN:18,_RNvMs6_NtNtNtCs1PjXLhkVzPw_9qhyccd_rs5mocks18mock_libqhyccd_sys12___OpenQHYCCDNtB5_11Expectation7matches
FN:18,_RNvMsa_NtNtNtCs1PjXLhkVzPw_9qhyccd_rs5mocks18mock_libqhyccd_sys12___OpenQHYCCDNtB5_12Expectations4call
FN:18,_RNvXs_NtNtNtCs1PjXLhkVzPw_9qhyccd_rs5mocks18mock_libqhyccd_sys12___OpenQHYCCDNtB4_5RfuncNtNtCsgrwJl3FvtEB_4core7default7Default7default
FN:18,_RNvMsc_NtNtNtCs1PjXLhkVzPw_9qhyccd_rs5mocks18mock_libqhyccd_sys12___OpenQHYCCDNtB5_7Context6expect
FN:18,_RNvMsb_NtNtNtCs1PjXLhkVzPw_9qhyccd_rs5mocks18mock_libqhyccd_sys12___OpenQHYCCDNtB5_16ExpectationGuard3new
FN:18,_RNvMsc_NtNtNtCs1PjXLhkVzPw_9qhyccd_rs5mocks18mock_libqhyccd_sys12___OpenQHYCCDNtB5_7Context13do_checkpoint
FN:18,_RNvXsd_NtNtNtCs1PjXLhkVzPw_9qhyccd_rs5mocks18mock_libqhyccd_sys12___OpenQHYCCDNtB5_7ContextNtNtCsgrwJl3FvtEB_4core7default7Default7default
FN:18,_RNvMs4_NtNtNtCs1PjXLhkVzPw_9qhyccd_rs5mocks18mock_libqhyccd_sys12___OpenQHYCCDNtB5_6Common7is_done
FN:18,_RNvMs0_NtNtNtCs1PjXLhkVzPw_9qhyccd_rs5mocks18mock_libqhyccd_sys12___OpenQHYCCDNtB5_7Matcher7matches
FN:18,_RNvMs4_NtNtNtCs1PjXLhkVzPw_9qhyccd_rs5mocks18mock_libqhyccd_sys12___OpenQHYCCDNtB5_6Common15verify_sequence
FN:18,_RNvXs7_NtNtNtCs1PjXLhkVzPw_9qhyccd_rs5mocks18mock_libqhyccd_sys12___OpenQHYCCDNtB5_11ExpectationNtNtCsgrwJl3FvtEB_4core7default7Default7default
FN:18,_RNvMs8_NtNtNtCs1PjXLhkVzPw_9qhyccd_rs5mocks18mock_libqhyccd_sys12___OpenQHYCCDNtB5_12Expectations6expect
FN:18,_RNvMNtNtNtCs1PjXLhkVzPw_9qhyccd_rs5mocks18mock_libqhyccd_sys12___OpenQHYCCDNtB2_5Rfunc8call_mut
FN:18,_RNvMs6_NtNtNtCs1PjXLhkVzPw_9qhyccd_rs5mocks18mock_libqhyccd_sys12___OpenQHYCCDNtB5_11Expectation7is_done
FN:18,_RNvXs2_NtNtNtCs1PjXLhkVzPw_9qhyccd_rs5mocks18mock_libqhyccd_sys15___GetQHYCCDTypeNtB5_7MatcherNtNtCsgrwJl3FvtEB_4core3fmt7Display3fmt
FN:18,_RNvXs2_NtNtNtCs1PjXLhkVzPw_9qhyccd_rs5mocks18mock_libqhyccd_sys17___BeginQHYCCDLiveNtB5_7MatcherNtNtCsgrwJl3FvtEB_4core3fmt7Display3fmt
FN:18,_RNvXs2_NtNtNtCs1PjXLhkVzPw_9qhyccd_rs5mocks18mock_libqhyccd_sys12___InitQHYCCDNtB5_7MatcherNtNtCsgrwJl3FvtEB_4core3fmt7Display3fmt
FN:18,_RNvXs2_NtNtNtCs1PjXLhkVzPw_9qhyccd_rs5mocks18mock_libqhyccd_sys13___CloseQHYCCDNtB5_7MatcherNtNtCsgrwJl3FvtEB_4core3fmt7Display3fmt
FN:18,_RNvXs2_NtNtNtCs1PjXLhkVzPw_9qhyccd_rs5mocks18mock_libqhyccd_sys24___GetQHYCCDEffectiveAreaNtB5_7MatcherNtNtCsgrwJl3FvtEB_4core3fmt7Display3fmt
FN:18,_RNvXs2_NtNtNtCs1PjXLhkVzPw_9qhyccd_rs5mocks18mock_libqhyccd_sys21___SetQHYCCDResolutionNtB5_7MatcherNtNtCsgrwJl3FvtEB_4core3fmt7Display3fmt
FN:18,_RNCNvMsa_NtNtNtCs1PjXLhkVzPw_9qhyccd_rs5mocks18mock_libqhyccd_sys21___SetQHYCCDStreamModeNtB7_12Expectations4call0Bd_
FN:18,_RNvMs4_NtNtNtCs1PjXLhkVzPw_9qhyccd_rs5mocks18mock_libqhyccd_sys29___GetQHYCCDReadModeResolutionNtB5_6Common4call
FN:18,_RINvMsb_NtNtNtCs1PjXLhkVzPw_9qhyccd_rs5mocks18mock_libqhyccd_sys13___CloseQHYCCDNtB6_16ExpectationGuard14return_once_stpEBc_
FN:18,_RNvMs0_NtNtNtCs1PjXLhkVzPw_9qhyccd_rs5mocks18mock_libqhyccd_sys15___GetQHYCCDTypeNtB5_7Matcher7matches
FN:18,_RNvXs3_NtNtNtCs1PjXLhkVzPw_9qhyccd_rs5mocks18mock_libqhyccd_sys29___GetQHYCCDReadModeResolutionNtB5_6CommonNtNtCsgrwJl3FvtEB_4core7default7Default7default
FN:18,_RNvNtNtCs1PjXLhkVzPw_9qhyccd_rs5mocks18mock_libqhyccd_sys30GetQHYCCDEffectiveArea_context
FN:18,_RINvMs6_NtNtNtCs1PjXLhkVzPw_9qhyccd_rs5mocks18mock_libqhyccd_sys29___GetQHYCCDReadModeResolutionNtB6_11Expectation9returningpEBc_
FN:18,_RINvMs4_NtNtNtCs1PjXLhkVzPw_9qhyccd_rs5mocks18mock_libqhyccd_sys17___BeginQHYCCDLiveNtB6_6Common8withf_stpEBc_
FN:18,_RINvMs6_NtNtNtCs1PjXLhkVzPw_9qhyccd_rs5mocks18mock_libqhyccd_sys13___CloseQHYCCDNtB6_11Expectation14return_once_stpEBc_
FN:18,_RNCNvMs6_NtNtNtCs1PjXLhkVzPw_9qhyccd_rs5mocks18mock_libqhyccd_sys17___BeginQHYCCDLiveNtB7_11Expectation4call0Bd_
FN:18,_RINvMs6_NtNtNtCs1PjXLhkVzPw_9qhyccd_rs5mocks18mock_libqhyccd_sys19___GetQHYCCDReadModeNtB6_11Expectation5timespEBc_
FN:18,_RNvMs6_NtNtNtCs1PjXLhkVzPw_9qhyccd_rs5mocks18mock_libqhyccd_sys22___ExpQHYCCDSingleFrameNtB5_11Expectation7matches
FN:18,_RNvMs6_NtNtNtCs1PjXLhkVzPw_9qhyccd_rs5mocks18mock_libqhyccd_sys22___ExpQHYCCDSingleFrameNtB5_11Expectation11in_sequence
FN:18,_RNvMs4_NtNtNtCs1PjXLhkVzPw_9qhyccd_rs5mocks18mock_libqhyccd_sys23___GetQHYCCDOverScanAreaNtB5_6Common5never
FN:18,_RINvMsb_NtNtNtCs1PjXLhkVzPw_9qhyccd_rs5mocks18mock_libqhyccd_sys19___GetQHYCCDChipInfoNtB6_16ExpectationGuard5timespEBc_
FN:18,_RINvMsb_NtNtNtCs1PjXLhkVzPw_9qhyccd_rs5mocks18mock_libqhyccd_sys17___BeginQHYCCDLiveNtB6_16ExpectationGuard5withfpEBc_
FN:18,_RINvMs6_NtNtNtCs1PjXLhkVzPw_9qhyccd_rs5mocks18mock_libqhyccd_sys29___GetQHYCCDReadModeResolutionNtB6_11Expectation12return_constpEBc_
FN:18,_RINvMs6_NtNtNtCs1PjXLhkVzPw_9qhyccd_rs5mocks18mock_libqhyccd_sys22___CancelQHYCCDExposingNtB6_11Expectation14return_once_stpEBc_
FN:18,_RINvMs6_NtNtNtCs1PjXLhkVzPw_9qhyccd_rs5mocks18mock_libqhyccd_sys21___SetQHYCCDResolutionNtB6_11Expectation5withfpEBc_
FN:18,_RINvMsb_NtNtNtCs1PjXLhkVzPw_9qhyccd_rs5mocks18mock_libqhyccd_sys20___GetQHYCCDMemLengthNtB6_16ExpectationGuard4withpEBc_
FN:18,_RNvMs4_NtNtNtCs1PjXLhkVzPw_9qhyccd_rs5mocks18mock_libqhyccd_sys26___IsQHYCCDControlAvailableNtB5_6Common15verify_sequence
FN:18,_RINvMs6_NtNtNtCs1PjXLhkVzPw_9qhyccd_rs5mocks18mock_libqhyccd_sys20___IsQHYCCDCFWPluggedNtB6_11Expectation12return_constpEBc_
FN:18,_RNvMsc_NtNtNtCs1PjXLhkVzPw_9qhyccd_rs5mocks18mock_libqhyccd_sys23___GetQHYCCDOverScanAreaNtB5_7Context10checkpoint
FN:18,_RNvMNtNtNtCs1PjXLhkVzPw_9qhyccd_rs5mocks18mock_libqhyccd_sys21___SetQHYCCDStreamModeNtB2_5Rfunc8call_mut
FN:18,_RNvMs8_NtNtNtCs1PjXLhkVzPw_9qhyccd_rs5mocks18mock_libqhyccd_sys22___GetQHYCCDSingleFrameNtB5_12Expectations3new
FN:18,_RINvMs6_NtNtNtCs1PjXLhkVzPw_9qhyccd_rs5mocks18mock_libqhyccd_sys26___IsQHYCCDControlAvailableNtB6_11Expectation9returningpEBc_
FN:18,_RINvMs6_NtNtNtCs1PjXLhkVzPw_9qhyccd_rs5mocks18mock_libqhyccd_sys23___SetQHYCCDDebayerOnOffNtB6_11Expectation15return_const_stpEBc_
FN:18,_RINvMs4_NtNtNtCs1PjXLhkVzPw_9qhyccd_rs5mocks18mock_libqhyccd_sys29___GetQHYCCDReadModeResolutionNtB6_6Common5timespEBc_
FN:18,_RINvMsb_NtNtNtCs1PjXLhkVzPw_9qhyccd_rs5mocks18mock_libqhyccd_sys23___GetQHYCCDReadModeNameNtB6_16ExpectationGuard11return_oncepEBc_
FN:18,_RNvMsc_NtNtNtCs1PjXLhkVzPw_9qhyccd_rs5mocks18mock_libqhyccd_sys15___GetQHYCCDTypeNtB5_7Context6expect
FN:18,_RNvMs4_NtNtNtCs1PjXLhkVzPw_9qhyccd_rs5mocks18mock_libqhyccd_sys29___GetQHYCCDReadModeResolutionNtB5_6Common7is_done
FN:18,_RINvMs4_NtNtNtCs1PjXLhkVzPw_9qhyccd_rs5mocks18mock_libqhyccd_sys23___GetQHYCCDOverScanAreaNtB6_6Common5timespEBc_
FN:18,_RINvMs6_NtNtNtCs1PjXLhkVzPw_9qhyccd_rs5mocks18mock_libqhyccd_sys16___GetQHYCCDModelNtB6_11Expectation11return_oncepEBc_
FN:18,_RINvMs4_NtNtNtCs1PjXLhkVzPw_9qhyccd_rs5mocks18mock_libqhyccd_sys28___GetQHYCCDExposureRemainingNtB6_6Common4withpEBc_
FN:18,_RNvMs6_NtNtNtCs1PjXLhkVzPw_9qhyccd_rs5mocks18mock_libqhyccd_sys13___GetQHYCCDIdNtB5_11Expectation4once
FN:18,_RNvMNtNtNtCs1PjXLhkVzPw_9qhyccd_rs5mocks18mock_libqhyccd_sys16___GetQHYCCDModelNtB2_5Rfunc8call_mut
FN:18,_RNCNvMs0_NtNtNtCs1PjXLhkVzPw_9qhyccd_rs5mocks18mock_libqhyccd_sys15___GetQHYCCDTypeNtB7_7Matcher7matches0Bd_
FN:18,_RINvMsb_NtNtNtCs1PjXLhkVzPw_9qhyccd_rs5mocks18mock_libqhyccd_sys21___SetQHYCCDStreamModeNtB6_16ExpectationGuard11return_oncepEBc_
FN:18,_RNvMsc_NtNtNtCs1PjXLhkVzPw_9qhyccd_rs5mocks18mock_libqhyccd_sys29___GetQHYCCDReadModeResolutionNtB5_7Context13do_checkpoint
FN:18,_RINvMs6_NtNtNtCs1PjXLhkVzPw_9qhyccd_rs5mocks18mock_libqhyccd_sys16___SetQHYCCDParamNtB6_11Expectation8withf_stpEBc_
FN:18,_RNvMsb_NtNtNtCs1PjXLhkVzPw_9qhyccd_rs5mocks18mock_libqhyccd_sys21___SetQHYCCDStreamModeNtB5_16ExpectationGuard5never
FN:18,_RNvXs3_NtNtNtCs1PjXLhkVzPw_9qhyccd_rs5mocks18mock_libqhyccd_sys20___GetQHYCCDFWVersionNtB5_6CommonNtNtCsgrwJl3FvtEB_4core7default7Default7default
FN:18,_RINvMsb_NtNtNtCs1PjXLhkVzPw_9qhyccd_rs5mocks18mock_libqhyccd_sys24___GetQHYCCDEffectiveAreaNtB6_16ExpectationGuard4withpppppEBc_
FN:18,_RINvMs4_NtNtNtCs1PjXLhkVzPw_9qhyccd_rs5mocks18mock_libqhyccd_sys23___GetQHYCCDReadModeNameNtB6_6Common5withfpEBc_
FN:18,_RINvMs6_NtNtNtCs1PjXLhkVzPw_9qhyccd_rs5mocks18mock_libqhyccd_sys22___CancelQHYCCDExposingNtB6_11Expectation15return_const_stpEBc_
FN:18,_RINvMs6_NtNtNtCs1PjXLhkVzPw_9qhyccd_rs5mocks18mock_libqhyccd_sys21___SetQHYCCDResolutionNtB6_11Expectation14return_once_stpEBc_
FN:18,_RINvMsb_NtNtNtCs1PjXLhkVzPw_9qhyccd_rs5mocks18mock_libqhyccd_sys28___GetQHYCCDNumberOfReadModesNtB6_16ExpectationGuard8withf_stpEBc_
FN:18,_RNvMs6_NtNtNtCs1PjXLhkVzPw_9qhyccd_rs5mocks18mock_libqhyccd_sys22___ExpQHYCCDSingleFrameNtB5_11Expectation4once
FN:18,_RNvMs6_NtNtNtCs1PjXLhkVzPw_9qhyccd_rs5mocks18mock_libqhyccd_sys28___GetQHYCCDExposureRemainingNtB5_11Expectation4call
FN:18,_RNCNvMsa_NtNtNtCs1PjXLhkVzPw_9qhyccd_rs5mocks18mock_libqhyccd_sys16___GetQHYCCDModelNtB7_12Expectations4calls_0Bd_
FN:18,_RINvMs6_NtNtNtCs1PjXLhkVzPw_9qhyccd_rs5mocks18mock_libqhyccd_sys20___GetQHYCCDFWVersionNtB6_11Expectation4withppEBc_
FN:18,_RNvXs7_NtNtNtCs1PjXLhkVzPw_9qhyccd_rs5mocks18mock_libqhyccd_sys23___SetQHYCCDDebayerOnOffNtB5_11ExpectationNtNtCsgrwJl3FvtEB_4core7default7Default7default
FN:18,_RNCINvMs6_NtNtNtCs1PjXLhkVzPw_9qhyccd_rs5mocks18mock_libqhyccd_sys19___SetQHYCCDReadModeNtB8_11Expectation15return_const_stpE0Be_
FN:18,_RINvMs4_NtNtNtCs1PjXLhkVzPw_9qhyccd_rs5mocks18mock_libqhyccd_sys21___SetQHYCCDResolutionNtB6_6Common5timespEBc_
FN:18,_RINvMsb_NtNtNtCs1PjXLhkVzPw_9qhyccd_rs5mocks18mock_libqhyccd_sys23___SetQHYCCDDebayerOnOffNtB6_16ExpectationGuard8withf_stpEBc_
FN:18,_RNvMs4_NtNtNtCs1PjXLhkVzPw_9qhyccd_rs5mocks18mock_libqhyccd_sys21___SetQHYCCDResolutionNtB5_6Common7is_done
FN:18,_RNvMsc_NtNtNtCs1PjXLhkVzPw_9qhyccd_rs5mocks18mock_libqhyccd_sys20___GetQHYCCDMemLengthNtB5_7Context6expect
FN:18,_RNvMs4_NtNtNtCs1PjXLhkVzPw_9qhyccd_rs5mocks18mock_libqhyccd_sys20___GetQHYCCDFWVersionNtB5_6Common7matches
FN:18,_RINvMs4_NtNtNtCs1PjXLhkVzPw_9qhyccd_rs5mocks18mock_libqhyccd_sys23___GetQHYCCDOverScanAreaNtB6_6Common4withpppppEBc_
FN:18,_RNvXsd_NtNtNtCs1PjXLhkVzPw_9qhyccd_rs5mocks18mock_libqhyccd_sys29___GetQHYCCDReadModeResolutionNtB5_7ContextNtNtCsgrwJl3FvtEB_4core7default7Default7default
FN:18,_RINvMsb_NtNtNtCs1PjXLhkVzPw_9qhyccd_rs5mocks18mock_libqhyccd_sys12___OpenQHYCCDNtB6_16ExpectationGuard12returning_stpEBc_
FN:18,_RINvMs4_NtNtNtCs1PjXLhkVzPw_9qhyccd_rs5mocks18mock_libqhyccd_sys13___GetQHYCCDIdNtB6_6Common5withfpEBc_
FN:18,_RINvMs6_NtNtNtCs1PjXLhkVzPw_9qhyccd_rs5mocks18mock_libqhyccd_sys19___SetQHYCCDReadModeNtB6_11Expectation12returning_stpEBc_
FN:18,_RNCNvMsa_NtNtNtCs1PjXLhkVzPw_9qhyccd_rs5mocks18mock_libqhyccd_sys19___SetQHYCCDBitsModeNtB7_12Expectations4call0Bd_
FN:18,_RINvMsb_NtNtNtCs1PjXLhkVzPw_9qhyccd_rs5mocks18mock_libqhyccd_sys16___GetQHYCCDModelNtB6_16ExpectationGuard14return_once_stpEBc_
FN:18,_RNvMs8_NtNtNtCs1PjXLhkVzPw_9qhyccd_rs5mocks18mock_libqhyccd_sys13___CloseQHYCCDNtB5_12Expectations3new
FN:18,_RNvMsc_NtNtNtCs1PjXLhkVzPw_9qhyccd_rs5mocks18mock_libqhyccd_sys12___InitQHYCCDNtB5_7Context13do_checkpoint
FN:18,_RNvMs6_NtNtNtCs1PjXLhkVzPw_9qhyccd_rs5mocks18mock_libqhyccd_sys16___GetQHYCCDParamNtB5_11Expectation4call
FN:18,_RNvMs4_NtNtNtCs1PjXLhkVzPw_9qhyccd_rs5mocks18mock_libqhyccd_sys20___GetQHYCCDFWVersionNtB5_6Common7is_done
FN:18,_RINvMs6_NtNtNtCs1PjXLhkVzPw_9qhyccd_rs5mocks18mock_libqhyccd_sys19___GetQHYCCDReadModeNtB6_11Expectation15return_const_stpEBc_
FN:18,_RNvNtNtCs1PjXLhkVzPw_9qhyccd_rs5mocks18mock_libqhyccd_sys29GetQHYCCDOverScanArea_context
FN:18,_RINvMs6_NtNtNtCs1PjXLhkVzPw_9qhyccd_rs5mocks18mock_libqhyccd_sys20___IsQHYCCDCFWPluggedNtB6_11Expectation5withfpEBc_
FN:18,_RINvMs6_NtNtNtCs1PjXLhkVzPw_9qhyccd_rs5mocks18mock_libqhyccd_sys19___SetQHYCCDBitsModeNtB6_11Expectation5withfpEBc_
FN:18,_RINvMs6_NtNtNtCs1PjXLhkVzPw_9qhyccd_rs5mocks18mock_libqhyccd_sys20___GetQHYCCDLiveFrameNtB6_11Expectation11return_oncepEBc_
FN:18,_RNvNtNtCs1PjXLhkVzPw_9qhyccd_rs5mocks18mock_libqhyccd_sys18GetQHYCCDLiveFrame
FN:18,_RNvXse_NtNtNtCs1PjXLhkVzPw_9qhyccd_rs5mocks18mock_libqhyccd_sys23___GetQHYCCDOverScanAreaNtB5_7ContextNtNtNtCsgrwJl3FvtEB_4core3ops4drop4Drop4drop
FN:18,_RNvMs8_NtNtNtCs1PjXLhkVzPw_9qhyccd_rs5mocks18mock_libqhyccd_sys22___CancelQHYCCDExposingNtB5_12Expectations10checkpoint
FN:18,_RNvMsa_NtNtNtCs1PjXLhkVzPw_9qhyccd_rs5mocks18mock_libqhyccd_sys23___SetQHYCCDDebayerOnOffNtB5_12Expectations4call
FN:18,_RNvMs6_NtNtNtCs1PjXLhkVzPw_9qhyccd_rs5mocks18mock_libqhyccd_sys16___StopQHYCCDLiveNtB5_11Expectation7is_done
FN:18,_RINvMsb_NtNtNtCs1PjXLhkVzPw_9qhyccd_rs5mocks18mock_libqhyccd_sys20___GetQHYCCDFWVersionNtB6_16ExpectationGuard8withf_stpEBc_
FN:18,_RNvMs4_NtNtNtCs1PjXLhkVzPw_9qhyccd_rs5mocks18mock_libqhyccd_sys29___GetQHYCCDReadModeResolutionNtB5_6Common15verify_sequence
FN:18,_RINvMsb_NtNtNtCs1PjXLhkVzPw_9qhyccd_rs5mocks18mock_libqhyccd_sys16___GetQHYCCDParamNtB6_16ExpectationGuard15return_const_stpEBc_
FN:18,_RINvMs4_NtNtNtCs1PjXLhkVzPw_9qhyccd_rs5mocks18mock_libqhyccd_sys20___GetQHYCCDMemLengthNtB6_6Common4withpEBc_
FN:18,_RNvMs4_NtNtNtCs1PjXLhkVzPw_9qhyccd_rs5mocks18mock_libqhyccd_sys15___GetQHYCCDTypeNtB5_6Common5never
FN:18,_RNvNtNtCs1PjXLhkVzPw_9qhyccd_rs5mocks18mock_libqhyccd_sys13GetQHYCCDType
FN:18,_RNCINvMs6_NtNtNtCs1PjXLhkVzPw_9qhyccd_rs5mocks18mock_libqhyccd_sys19___SetQHYCCDReadModeNtB8_11Expectation12return_constpE0Be_
FN:18,_RNvMsb_NtNtNtCs1PjXLhkVzPw_9qhyccd_rs5mocks18mock_libqhyccd_sys13___CloseQHYCCDNtB5_16ExpectationGuard11in_sequence
FN:18,_RNvMs4_NtNtNtCs1PjXLhkVzPw_9qhyccd_rs5mocks18mock_libqhyccd_sys12___InitQHYCCDNtB5_6Common5never
FN:18,_RNvMsb_NtNtNtCs1PjXLhkVzPw_9qhyccd_rs5mocks18mock_libqhyccd_sys18___SetQHYCCDBinModeNtB5_16ExpectationGuard11in_sequence
FN:18,_RNvMsb_NtNtNtCs1PjXLhkVzPw_9qhyccd_rs5mocks18mock_libqhyccd_sys20___InitQHYCCDResourceNtB5_16ExpectationGuard4with
FN:18,_RINvMs4_NtNtNtCs1PjXLhkVzPw_9qhyccd_rs5mocks18mock_libqhyccd_sys12___InitQHYCCDNtB6_6Common5timespEBc_
FN:18,_RINvMs6_NtNtNtCs1PjXLhkVzPw_9qhyccd_rs5mocks18mock_libqhyccd_sys16___StopQHYCCDLiveNtB6_11Expectation8withf_stpEBc_
FN:18,_RINvMs6_NtNtNtCs1PjXLhkVzPw_9qhyccd_rs5mocks18mock_libqhyccd_sys21___GetQHYCCDSDKVersionNtB6_11Expectation8withf_stpEBc_
FN:18,_RNvMs8_NtNtNtCs1PjXLhkVzPw_9qhyccd_rs5mocks18mock_libqhyccd_sys19___GetQHYCCDReadModeNtB5_12Expectations6expect
FN:18,_RNvMs6_NtNtNtCs1PjXLhkVzPw_9qhyccd_rs5mocks18mock_libqhyccd_sys23___GetQHYCCDReadModeNameNtB5_11Expectation7is_done
FN:18,_RINvMsb_NtNtNtCs1PjXLhkVzPw_9qhyccd_rs5mocks18mock_libqhyccd_sys23___ReleaseQHYCCDResourceNtB6_16ExpectationGuard12returning_stpEBc_
FN:18,_RNvMs8_NtNtNtCs1PjXLhkVzPw_9qhyccd_rs5mocks18mock_libqhyccd_sys22___ExpQHYCCDSingleFrameNtB5_12Expectations10checkpoint
FN:18,_RNvMs6_NtNtNtCs1PjXLhkVzPw_9qhyccd_rs5mocks18mock_libqhyccd_sys20___GetQHYCCDLiveFrameNtB5_11Expectation4call
FN:18,_RNvMs6_NtNtNtCs1PjXLhkVzPw_9qhyccd_rs5mocks18mock_libqhyccd_sys21___GetQHYCCDSDKVersionNtB5_11Expectation11in_sequence
FN:18,_RINvMs6_NtNtNtCs1PjXLhkVzPw_9qhyccd_rs5mocks18mock_libqhyccd_sys19___SetQHYCCDReadModeNtB6_11Expectation8withf_stpEBc_
FN:18,_RNvXse_NtNtNtCs1PjXLhkVzPw_9qhyccd_rs5mocks18mock_libqhyccd_sys21___SetQHYCCDResolutionNtB5_7ContextNtNtNtCsgrwJl3FvtEB_4core3ops4drop4Drop4drop
FN:18,_RINvMs4_NtNtNtCs1PjXLhkVzPw_9qhyccd_rs5mocks18mock_libqhyccd_sys20___GetQHYCCDLiveFrameNtB6_6Common8withf_stpEBc_
FN:18,_RNvMs6_NtNtNtCs1PjXLhkVzPw_9qhyccd_rs5mocks18mock_libqhyccd_sys24___GetQHYCCDEffectiveAreaNtB5_11Expectation7is_done
FN:18,_RINvMsb_NtNtNtCs1PjXLhkVzPw_9qhyccd_rs5mocks18mock_libqhyccd_sys20___GetQHYCCDMemLengthNtB6_16ExpectationGuard5withfpEBc_
FN:18,_RNvMs6_NtNtNtCs1PjXLhkVzPw_9qhyccd_rs5mocks18mock_libqhyccd_sys16___StopQHYCCDLiveNtB5_11Expectation3new
FN:18,_RINvMsb_NtNtNtCs1PjXLhkVzPw_9qhyccd_rs5mocks18mock_libqhyccd_sys23___SetQHYCCDDebayerOnOffNtB6_16ExpectationGuard9returningpEBc_
FN:18,_RNvXs3_NtNtNtCs1PjXLhkVzPw_9qhyccd_rs5mocks18mock_libqhyccd_sys28___GetQHYCCDNumberOfReadModesNtB5_6CommonNtNtCsgrwJl3FvtEB_4core7default7Default7default
FN:18,_RINvMs6_NtNtNtCs1PjXLhkVzPw_9qhyccd_rs5mocks18mock_libqhyccd_sys19___GetQHYCCDReadModeNtB6_11Expectation8withf_stpEBc_
FN:18,_RINvMs4_NtNtNtCs1PjXLhkVzPw_9qhyccd_rs5mocks18mock_libqhyccd_sys16___StopQHYCCDLiveNtB6_6Common5withfpEBc_
FN:18,_RINvMs6_NtNtNtCs1PjXLhkVzPw_9qhyccd_rs5mocks18mock_libqhyccd_sys24___GetQHYCCDEffectiveAreaNtB6_11Expectation14return_once_stpEBc_
FN:18,_RINvMsb_NtNtNtCs1PjXLhkVzPw_9qhyccd_rs5mocks18mock_libqhyccd_sys22___GetQHYCCDSingleFrameNtB6_16ExpectationGuard4withppppppEBc_
FN:18,_RINvMs4_NtNtNtCs1PjXLhkVzPw_9qhyccd_rs5mocks18mock_libqhyccd_sys20___IsQHYCCDCFWPluggedNtB6_6Common5withfpEBc_
FN:18,_RINvMs6_NtNtNtCs1PjXLhkVzPw_9qhyccd_rs5mocks18mock_libqhyccd_sys20___GetQHYCCDFWVersionNtB6_11Expectation11return_oncepEBc_
FN:18,_RNvMs6_NtNtNtCs1PjXLhkVzPw_9qhyccd_rs5mocks18mock_libqhyccd_sys28___GetQHYCCDExposureRemainingNtB5_11Expectation3new
FN:18,_RNvMs6_NtNtNtCs1PjXLhkVzPw_9qhyccd_rs5mocks18mock_libqhyccd_sys23___GetQHYCCDReadModeNameNtB5_11Expectation3new
FN:18,_RINvMs6_NtNtNtCs1PjXLhkVzPw_9qhyccd_rs5mocks18mock_libqhyccd_sys16___StopQHYCCDLiveNtB6_11Expectation5timespEBc_
FN:18,_RNvMs6_NtNtNtCs1PjXLhkVzPw_9qhyccd_rs5mocks18mock_libqhyccd_sys24___GetQHYCCDEffectiveAreaNtB5_11Expectation4once
FN:18,_RNCINvMs6_NtNtNtCs1PjXLhkVzPw_9qhyccd_rs5mocks18mock_libqhyccd_sys28___GetQHYCCDNumberOfReadModesNtB8_11Expectation15return_const_stpE0Be_
FN:18,_RNvMs4_NtNtNtCs1PjXLhkVzPw_9qhyccd_rs5mocks18mock_libqhyccd_sys23___ReleaseQHYCCDResourceNtB5_6Common5never
FN:18,_RINvMsb_NtNtNtCs1PjXLhkVzPw_9qhyccd_rs5mocks18mock_libqhyccd_sys18___SetQHYCCDBinModeNtB6_16ExpectationGuard14return_once_stpEBc_
FN:18,_RNvMs6_NtNtNtCs1PjXLhkVzPw_9qhyccd_rs5mocks18mock_libqhyccd_sys19___GetQHYCCDChipInfoNtB5_11Expectation7is_done
FN:18,_RINvMs6_NtNtNtCs1PjXLhkVzPw_9qhyccd_rs5mocks18mock_libqhyccd_sys17___BeginQHYCCDLiveNtB6_11Expectation5withfpEBc_
FN:18,_RNvMsb_NtNtNtCs1PjXLhkVzPw_9qhyccd_rs5mocks18mock_libqhyccd_sys22___GetQHYCCDSingleFrameNtB5_16ExpectationGuard11in_sequence
FN:18,_RINvMs6_NtNtNtCs1PjXLhkVzPw_9qhyccd_rs5mocks18mock_libqhyccd_sys32___CancelQHYCCDExposingAndReadoutNtB6_11Expectation15return_const_stpEBc_
FN:18,_RNvMsb_NtNtNtCs1PjXLhkVzPw_9qhyccd_rs5mocks18mock_libqhyccd_sys13___CloseQHYCCDNtB5_16ExpectationGuard5never
FN:18,_RNvMsb_NtNtNtCs1PjXLhkVzPw_9qhyccd_rs5mocks18mock_libqhyccd_sys13___GetQHYCCDIdNtB5_16ExpectationGuard4once
FN:18,_RNvMNtNtNtCs1PjXLhkVzPw_9qhyccd_rs5mocks18mock_libqhyccd_sys19___SetQHYCCDReadModeNtB2_5Rfunc8call_mut
FN:18,_RNCNvMs0_NtNtNtCs1PjXLhkVzPw_9qhyccd_rs5mocks18mock_libqhyccd_sys12___InitQHYCCDNtB7_7Matcher7matches0Bd_
FN:18,_RINvMs6_NtNtNtCs1PjXLhkVzPw_9qhyccd_rs5mocks18mock_libqhyccd_sys21___SetQHYCCDResolutionNtB6_11Expectation11return_oncepEBc_
FN:18,_RINvMs6_NtNtNtCs1PjXLhkVzPw_9qhyccd_rs5mocks18mock_libqhyccd_sys16___StopQHYCCDLiveNtB6_11Expectation12return_constpEBc_
FN:18,_RNvXs3_NtNtNtCs1PjXLhkVzPw_9qhyccd_rs5mocks18mock_libqhyccd_sys16___GetQHYCCDModelNtB5_6CommonNtNtCsgrwJl3FvtEB_4core7default7Default7default
FN:18,_RINvMs4_NtNtNtCs1PjXLhkVzPw_9qhyccd_rs5mocks18mock_libqhyccd_sys12___InitQHYCCDNtB6_6Common4withpEBc_
FN:18,_RINvMs4_NtNtNtCs1PjXLhkVzPw_9qhyccd_rs5mocks18mock_libqhyccd_sys32___CancelQHYCCDExposingAndReadoutNtB6_6Common5timespEBc_
FN:30,_RNvNtNtCs1PjXLhkVzPw_9qhyccd_rs5mocks13libqhyccd_sys10ScanQHYCCD
FN:18,_RNvMs4_NtNtNtCs1PjXLhkVzPw_9qhyccd_rs5mocks18mock_libqhyccd_sys32___CancelQHYCCDExposingAndReadoutNtB5_6Common7is_done
FN:18,_RNvMs6_NtNtNtCs1PjXLhkVzPw_9qhyccd_rs5mocks18mock_libqhyccd_sys16___GetQHYCCDParamNtB5_11Expectation7matches
FN:18,_RNvXs3_NtNtNtCs1PjXLhkVzPw_9qhyccd_rs5mocks18mock_libqhyccd_sys22___GetQHYCCDSingleFrameNtB5_6CommonNtNtCsgrwJl3FvtEB_4core7default7Default7default
FN:18,_RINvMsb_NtNtNtCs1PjXLhkVzPw_9qhyccd_rs5mocks18mock_libqhyccd_sys26___IsQHYCCDControlAvailableNtB6_16ExpectationGuard12return_constpEBc_
FN:18,_RNvXs7_NtNtNtCs1PjXLhkVzPw_9qhyccd_rs5mocks18mock_libqhyccd_sys19___SetQHYCCDBitsModeNtB5_11ExpectationNtNtCsgrwJl3FvtEB_4core7default7Default7default
FN:18,_RINvMsb_NtNtNtCs1PjXLhkVzPw_9qhyccd_rs5mocks18mock_libqhyccd_sys20___GetQHYCCDFWVersionNtB6_16ExpectationGuard14return_once_stpEBc_
FN:18,_RNvMs4_NtNtNtCs1PjXLhkVzPw_9qhyccd_rs5mocks18mock_libqhyccd_sys23___ReleaseQHYCCDResourceNtB5_6Common4with
FN:18,_RNvXse_NtNtNtCs1PjXLhkVzPw_9qhyccd_rs5mocks18mock_libqhyccd_sys28___GetQHYCCDNumberOfReadModesNtB5_7ContextNtNtNtCsgrwJl3FvtEB_4core3ops4drop4Drop4drop
FN:18,_RNCNvMsa_NtNtNtCs1PjXLhkVzPw_9qhyccd_rs5mocks18mock_libqhyccd_sys12___InitQHYCCDNtB7_12Expectations4calls_0Bd_
FN:18,_RINvMs6_NtNtNtCs1PjXLhkVzPw_9qhyccd_rs5mocks18mock_libqhyccd_sys22___GetQHYCCDSingleFrameNtB6_11Expectation8withf_stpEBc_
FN:18,_RNvMsb_NtNtNtCs1PjXLhkVzPw_9qhyccd_rs5mocks18mock_libqhyccd_sys23___SetQHYCCDDebayerOnOffNtB5_16ExpectationGuard3new
FN:18,_RINvMs6_NtNtNtCs1PjXLhkVzPw_9qhyccd_rs5mocks18mock_libqhyccd_sys23___GetQHYCCDReadModeNameNtB6_11Expectation12return_constpEBc_
FN:18,_RINvMsb_NtNtNtCs1PjXLhkVzPw_9qhyccd_rs5mocks18mock_libqhyccd_sys23___GetQHYCCDOverScanAreaNtB6_16ExpectationGuard12return_constpEBc_
FN:18,_RNvMsb_NtNtNtCs1PjXLhkVzPw_9qhyccd_rs5mocks18mock_libqhyccd_sys13___GetQHYCCDIdNtB5_16ExpectationGuard11in_sequence
FN:18,_RINvMs6_NtNtNtCs1PjXLhkVzPw_9qhyccd_rs5mocks18mock_libqhyccd_sys19___SetQHYCCDReadModeNtB6_11Expectation9returningpEBc_
FN:18,_RINvMs6_NtNtNtCs1PjXLhkVzPw_9qhyccd_rs5mocks18mock_libqhyccd_sys24___GetQHYCCDEffectiveAreaNtB6_11Expectation4withpppppEBc_
FN:18,_RNvMs8_NtNtNtCs1PjXLhkVzPw_9qhyccd_rs5mocks18mock_libqhyccd_sys16___StopQHYCCDLiveNtB5_12Expectations6expect
FN:18,_RNvXsd_NtNtNtCs1PjXLhkVzPw_9qhyccd_rs5mocks18mock_libqhyccd_sys28___GetQHYCCDNumberOfReadModesNtB5_7ContextNtNtCsgrwJl3FvtEB_4core7default7Default7default
FN:18,_RNvMsc_NtNtNtCs1PjXLhkVzPw_9qhyccd_rs5mocks18mock_libqhyccd_sys21___SetQHYCCDStreamModeNtB5_7Context10checkpoint
FN:18,_RINvMs6_NtNtNtCs1PjXLhkVzPw_9qhyccd_rs5mocks18mock_libqhyccd_sys16___GetQHYCCDModelNtB6_11Expectation9returningpEBc_
FN:18,_RINvMs6_NtNtNtCs1PjXLhkVzPw_9qhyccd_rs5mocks18mock_libqhyccd_sys28___GetQHYCCDExposureRemainingNtB6_11Expectation12return_constpEBc_
FN:18,_RINvMs4_NtNtNtCs1PjXLhkVzPw_9qhyccd_rs5mocks18mock_libqhyccd_sys20___GetQHYCCDFWVersionNtB6_6Common8withf_stpEBc_
FN:18,_RINvMsb_NtNtNtCs1PjXLhkVzPw_9qhyccd_rs5mocks18mock_libqhyccd_sys32___CancelQHYCCDExposingAndReadoutNtB6_16ExpectationGuard8withf_stpEBc_
FN:18,_RNvMs4_NtNtNtCs1PjXLhkVzPw_9qhyccd_rs5mocks18mock_libqhyccd_sys16___GetQHYCCDModelNtB5_6Common11in_sequence
FN:18,_RNvMs8_NtNtNtCs1PjXLhkVzPw_9qhyccd_rs5mocks18mock_libqhyccd_sys19___SetQHYCCDBitsModeNtB5_12Expectations6expect
FN:18,_RNCNvMs0_NtNtNtCs1PjXLhkVzPw_9qhyccd_rs5mocks18mock_libqhyccd_sys13___CloseQHYCCDNtB7_7Matcher7matches0Bd_
FN:18,_RINvMs6_NtNtNtCs1PjXLhkVzPw_9qhyccd_rs5mocks18mock_libqhyccd_sys16___GetQHYCCDModelNtB6_11Expectation12return_constpEBc_
FN:18,_RNvMs6_NtNtNtCs1PjXLhkVzPw_9qhyccd_rs5mocks18mock_libqhyccd_sys21___SetQHYCCDResolutionNtB5_11Expectation4call
FN:18,_RNCINvMs6_NtNtNtCs1PjXLhkVzPw_9qhyccd_rs5mocks18mock_libqhyccd_sys20___InitQHYCCDResourceNtB8_11Expectation12return_constpE0Be_
FN:18,_RNvMsb_NtNtNtCs1PjXLhkVzPw_9qhyccd_rs5mocks18mock_libqhyccd_sys22___ExpQHYCCDSingleFrameNtB5_16ExpectationGuard5never
FN:18,_RNvMs4_NtNtNtCs1PjXLhkVzPw_9qhyccd_rs5mocks18mock_libqhyccd_sys18___SetQHYCCDBinModeNtB5_6Common16satisfy_sequence
FN:18,_RNvMsb_NtNtNtCs1PjXLhkVzPw_9qhyccd_rs5mocks18mock_libqhyccd_sys16___SetQHYCCDParamNtB5_16ExpectationGuard5never
FN:18,_RNvMs0_NtNtNtCs1PjXLhkVzPw_9qhyccd_rs5mocks18mock_libqhyccd_sys17___BeginQHYCCDLiveNtB5_7Matcher7matches
FN:18,_RINvMs6_NtNtNtCs1PjXLhkVzPw_9qhyccd_rs5mocks18mock_libqhyccd_sys16___StopQHYCCDLiveNtB6_11Expectation4withpEBc_
FN:18,_RNvXse_NtNtNtCs1PjXLhkVzPw_9qhyccd_rs5mocks18mock_libqhyccd_sys18___SetQHYCCDBinModeNtB5_7ContextNtNtNtCsgrwJl3FvtEB_4core3ops4drop4Drop4drop
FN:18,_RINvMs6_NtNtNtCs1PjXLhkVzPw_9qhyccd_rs5mocks18mock_libqhyccd_sys26___IsQHYCCDControlAvailableNtB6_11Expectation4withppEBc_
FN:18,_RINvMs6_NtNtNtCs1PjXLhkVzPw_9qhyccd_rs5mocks18mock_libqhyccd_sys20___GetQHYCCDLiveFrameNtB6_11Expectation5timespEBc_
FN:18,_RNvMs6_NtNtNtCs1PjXLhkVzPw_9qhyccd_rs5mocks18mock_libqhyccd_sys23___GetQHYCCDOverScanAreaNtB5_11Expectation7is_done
FN:18,_RNvMs8_NtNtNtCs1PjXLhkVzPw_9qhyccd_rs5mocks18mock_libqhyccd_sys19___SetQHYCCDBitsModeNtB5_12Expectations10checkpoint
FN:18,_RNvMsb_NtNtNtCs1PjXLhkVzPw_9qhyccd_rs5mocks18mock_libqhyccd_sys22___ExpQHYCCDSingleFrameNtB5_16ExpectationGuard3new
FN:18,_RINvMs6_NtNtNtCs1PjXLhkVzPw_9qhyccd_rs5mocks18mock_libqhyccd_sys13___CloseQHYCCDNtB6_11Expectation8withf_stpEBc_
FN:18,_RNvXsd_NtNtNtCs1PjXLhkVzPw_9qhyccd_rs5mocks18mock_libqhyccd_sys16___GetQHYCCDModelNtB5_7ContextNtNtCsgrwJl3FvtEB_4core7default7Default7default
FN:18,_RNCNvMs4_NtNtNtCs1PjXLhkVzPw_9qhyccd_rs5mocks18mock_libqhyccd_sys23___GetQHYCCDOverScanAreaNtB7_6Common4call0Bd_
FN:18,_RNvMs4_NtNtNtCs1PjXLhkVzPw_9qhyccd_rs5mocks18mock_libqhyccd_sys20___InitQHYCCDResourceNtB5_6Common11in_sequence
FN:18,_RNCINvMs6_NtNtNtCs1PjXLhkVzPw_9qhyccd_rs5mocks18mock_libqhyccd_sys22___GetQHYCCDSingleFrameNtB8_11Expectation15return_const_stpE0Be_
FN:18,_RINvMsb_NtNtNtCs1PjXLhkVzPw_9qhyccd_rs5mocks18mock_libqhyccd_sys28___GetQHYCCDNumberOfReadModesNtB6_16ExpectationGuard9returningpEBc_
FN:18,_RNvXs9_NtNtNtCs1PjXLhkVzPw_9qhyccd_rs5mocks18mock_libqhyccd_sys16___StopQHYCCDLiveNtB5_12ExpectationsNtNtCsgrwJl3FvtEB_4core7default7Default7default
FN:18,_RNvMs6_NtNtNtCs1PjXLhkVzPw_9qhyccd_rs5mocks18mock_libqhyccd_sys29___GetQHYCCDReadModeResolutionNtB5_11Expectation11in_sequence
FN:18,_RNvMsa_NtNtNtCs1PjXLhkVzPw_9qhyccd_rs5mocks18mock_libqhyccd_sys19___SetQHYCCDBitsModeNtB5_12Expectations4call
FN:18,_RNvMs6_NtNtNtCs1PjXLhkVzPw_9qhyccd_rs5mocks18mock_libqhyccd_sys20___IsQHYCCDCFWPluggedNtB5_11Expectation11in_sequence
FN:62,_RNvNtNtCs1PjXLhkVzPw_9qhyccd_rs5mocks13libqhyccd_sys17GetQHYCCDChipInfo
FN:18,_RINvMs6_NtNtNtCs1PjXLhkVzPw_9qhyccd_rs5mocks18mock_libqhyccd_sys19___GetQHYCCDChipInfoNtB6_11Expectation12return_constpEBc_
FN:18,_RNvMs6_NtNtNtCs1PjXLhkVzPw_9qhyccd_rs5mocks18mock_libqhyccd_sys23___GetQHYCCDOverScanAreaNtB5_11Expectation4once
FN:18,_RNvMsc_NtNtNtCs1PjXLhkVzPw_9qhyccd_rs5mocks18mock_libqhyccd_sys22___GetQHYCCDSingleFrameNtB5_7Context6expect
FN:18,_RNvXs9_NtNtNtCs1PjXLhkVzPw_9qhyccd_rs5mocks18mock_libqhyccd_sys19___SetQHYCCDBitsModeNtB5_12ExpectationsNtNtCsgrwJl3FvtEB_4core7default7Default7default
FN:18,_RNvMs4_NtNtNtCs1PjXLhkVzPw_9qhyccd_rs5mocks18mock_libqhyccd_sys16___GetQHYCCDModelNtB5_6Common5never
FN:18,_RNvMs6_NtNtNtCs1PjXLhkVzPw_9qhyccd_rs5mocks18mock_libqhyccd_sys12___ScanQHYCCDNtB5_11Expectation11in_sequence
FN:18,_RNvXs3_NtNtNtCs1PjXLhkVzPw_9qhyccd_rs5mocks18mock_libqhyccd_sys17___BeginQHYCCDLiveNtB5_6CommonNtNtCsgrwJl3FvtEB_4core7default7Default7default
FN:18,_RNvMNtNtNtCs1PjXLhkVzPw_9qhyccd_rs5mocks18mock_libqhyccd_sys16___StopQHYCCDLiveNtB2_5Rfunc8call_mut
FN:18,_RNCNvMs0_NtNtNtCs1PjXLhkVzPw_9qhyccd_rs5mocks18mock_libqhyccd_sys21___SetQHYCCDStreamModeNtB7_7Matcher7matches0Bd_
FN:18,_RINvMs4_NtNtNtCs1PjXLhkVzPw_9qhyccd_rs5mocks18mock_libqhyccd_sys19___SetQHYCCDBitsModeNtB6_6Common4withppEBc_
FN:18,_RNvNtNtCs1PjXLhkVzPw_9qhyccd_rs5mocks18mock_libqhyccd_sys22GetQHYCCDModel_context
FN:18,_RNvMs8_NtNtNtCs1PjXLhkVzPw_9qhyccd_rs5mocks18mock_libqhyccd_sys23___GetQHYCCDReadModeNameNtB5_12Expectations3new
FN:18,_RINvMs4_NtNtNtCs1PjXLhkVzPw_9qhyccd_rs5mocks18mock_libqhyccd_sys20___GetQHYCCDMemLengthNtB6_6Common5withfpEBc_
FN:18,_RNvMs8_NtNtNtCs1PjXLhkVzPw_9qhyccd_rs5mocks18mock_libqhyccd_sys28___GetQHYCCDExposureRemainingNtB5_12Expectations3new
FN:18,_RINvMsb_NtNtNtCs1PjXLhkVzPw_9qhyccd_rs5mocks18mock_libqhyccd_sys26___IsQHYCCDControlAvailableNtB6_16ExpectationGuard8withf_stpEBc_
FN:18,_RNvMs8_NtNtNtCs1PjXLhkVzPw_9qhyccd_rs5mocks18mock_libqhyccd_sys24___GetQHYCCDEffectiveAreaNtB5_12Expectations6expect
FN:18,_RNCNvMs4_NtNtNtCs1PjXLhkVzPw_9qhyccd_rs5mocks18mock_libqhyccd_sys13___CloseQHYCCDNtB7_6Common4call0Bd_
FN:18,_RINvMs6_NtNtNtCs1PjXLhkVzPw_9qhyccd_rs5mocks18mock_libqhyccd_sys18___SetQHYCCDBinModeNtB6_11Expectation5withfpEBc_
FN:18,_RINvMs4_NtNtNtCs1PjXLhkVzPw_9qhyccd_rs5mocks18mock_libqhyccd_sys16___SetQHYCCDParamNtB6_6Common8withf_stpEBc_
FN:18,_RNvMs6_NtNtNtCs1PjXLhkVzPw_9qhyccd_rs5mocks18mock_libqhyccd_sys29___GetQHYCCDReadModeResolutionNtB5_11Expectation3new
FN:18,_RINvMsb_NtNtNtCs1PjXLhkVzPw_9qhyccd_rs5mocks18mock_libqhyccd_sys21___SetQHYCCDResolutionNtB6_16ExpectationGuard8withf_stpEBc_
FN:18,_RNCNvMsa_NtNtNtCs1PjXLhkVzPw_9qhyccd_rs5mocks18mock_libqhyccd_sys22___ExpQHYCCDSingleFrameNtB7_12Expectations4call0Bd_
FN:18,_RNvMsb_NtNtNtCs1PjXLhkVzPw_9qhyccd_rs5mocks18mock_libqhyccd_sys23___GetQHYCCDReadModeNameNtB5_16ExpectationGuard5never
FN:18,_RNvMs6_NtNtNtCs1PjXLhkVzPw_9qhyccd_rs5mocks18mock_libqhyccd_sys20___GetQHYCCDFWVersionNtB5_11Expectation5never
FN:18,_RNCINvMs6_NtNtNtCs1PjXLhkVzPw_9qhyccd_rs5mocks18mock_libqhyccd_sys20___GetQHYCCDLiveFrameNtB8_11Expectation15return_const_stpE0Be_
FN:18,_RNvMs6_NtNtNtCs1PjXLhkVzPw_9qhyccd_rs5mocks18mock_libqhyccd_sys12___ScanQHYCCDNtB5_11Expectation3new
FN:18,_RNvMs6_NtNtNtCs1PjXLhkVzPw_9qhyccd_rs5mocks18mock_libqhyccd_sys12___InitQHYCCDNtB5_11Expectation11in_sequence
FN:18,_RINvMs6_NtNtNtCs1PjXLhkVzPw_9qhyccd_rs5mocks18mock_libqhyccd_sys13___GetQHYCCDIdNtB6_11Expectation5withfpEBc_
FN:18,_RNvMsb_NtNtNtCs1PjXLhkVzPw_9qhyccd_rs5mocks18mock_libqhyccd_sys22___ExpQHYCCDSingleFrameNtB5_16ExpectationGuard4once
[...]
FNDA:5,_RNvMsc_NtNtNtCs1PjXLhkVzPw_9qhyccd_rs5mocks18mock_libqhyccd_sys12___ScanQHYCCDNtB5_7Context13do_checkpoint
FNDA:5,_RNvMsc_NtNtNtCs1PjXLhkVzPw_9qhyccd_rs5mocks18mock_libqhyccd_sys12___ScanQHYCCDNtB5_7Context6expect
FNDA:5,_RNvXs7_NtNtNtCs1PjXLhkVzPw_9qhyccd_rs5mocks18mock_libqhyccd_sys12___ScanQHYCCDNtB5_11ExpectationNtNtCsgrwJl3FvtEB_4core7default7Default7default
FNDA:5,_RNvMs8_NtNtNtCs1PjXLhkVzPw_9qhyccd_rs5mocks18mock_libqhyccd_sys12___ScanQHYCCDNtB5_12Expectations6expect
FNDA:5,_RNvXsd_NtNtNtCs1PjXLhkVzPw_9qhyccd_rs5mocks18mock_libqhyccd_sys12___ScanQHYCCDNtB5_7ContextNtNtCsgrwJl3FvtEB_4core7default7Default7default
FNDA:6,_RNvNtNtCs1PjXLhkVzPw_9qhyccd_rs5mocks18mock_libqhyccd_sys18InitQHYCCDResource
FNDA:5,_RNvNtNtCs1PjXLhkVzPw_9qhyccd_rs5mocks18mock_libqhyccd_sys11GetQHYCCDId
FNDA:6,_RNvNtNtCs1PjXLhkVzPw_9qhyccd_rs5mocks18mock_libqhyccd_sys26InitQHYCCDResource_context
FNDA:6,_RNvNtNtCs1PjXLhkVzPw_9qhyccd_rs5mocks18mock_libqhyccd_sys29ReleaseQHYCCDResource_context
FNDA:5,_RNvNtNtCs1PjXLhkVzPw_9qhyccd_rs5mocks18mock_libqhyccd_sys18IsQHYCCDCFWPlugged
FNDA:1,_RNvNtNtCs1PjXLhkVzPw_9qhyccd_rs5mocks18mock_libqhyccd_sys19GetQHYCCDSDKVersion
FNDA:4,_RNvNtNtCs1PjXLhkVzPw_9qhyccd_rs5mocks18mock_libqhyccd_sys10OpenQHYCCD
FNDA:1,_RNvNtNtCs1PjXLhkVzPw_9qhyccd_rs5mocks18mock_libqhyccd_sys27GetQHYCCDSDKVersion_context
FNDA:4,_RNvNtNtCs1PjXLhkVzPw_9qhyccd_rs5mocks18mock_libqhyccd_sys19GetQHYCCDId_context
FNDA:5,_RNvNtNtCs1PjXLhkVzPw_9qhyccd_rs5mocks18mock_libqhyccd_sys10ScanQHYCCD
FNDA:3,_RNvNtNtCs1PjXLhkVzPw_9qhyccd_rs5mocks18mock_libqhyccd_sys18OpenQHYCCD_context
FNDA:5,_RNvNtNtCs1PjXLhkVzPw_9qhyccd_rs5mocks18mock_libqhyccd_sys18ScanQHYCCD_context
FNDA:2,_RNvNtNtCs1PjXLhkVzPw_9qhyccd_rs5mocks18mock_libqhyccd_sys26IsQHYCCDCFWPlugged_context
FNDA:3,_RNvNtNtCs1PjXLhkVzPw_9qhyccd_rs5mocks18mock_libqhyccd_sys21ReleaseQHYCCDResource
FNDA:0,_RNvXs2_NtNtNtCs1PjXLhkVzPw_9qhyccd_rs5mocks18mock_libqhyccd_sys28___GetQHYCCDNumberOfReadModesNtB5_7MatcherNtNtCsgrwJl3FvtEB_4core3fmt7Display3fmt
FNDA:0,_RNvXs2_NtNtNtCs1PjXLhkVzPw_9qhyccd_rs5mocks18mock_libqhyccd_sys28___GetQHYCCDExposureRemainingNtB5_7MatcherNtNtCsgrwJl3FvtEB_4core3fmt7Display3fmt
FNDA:0,_RNvXs2_NtNtNtCs1PjXLhkVzPw_9qhyccd_rs5mocks18mock_libqhyccd_sys29___GetQHYCCDReadModeResolutionNtB5_7MatcherNtNtCsgrwJl3FvtEB_4core3fmt7Display3fmt
FNDA:0,_RNCNvMs6_NtNtNtCs1PjXLhkVzPw_9qhyccd_rs5mocks18mock_libqhyccd_sys21___GetQHYCCDSDKVersionNtB7_11Expectation4call0Bd_
FNDA:1,_RINvMs6_NtNtNtCs1PjXLhkVzPw_9qhyccd_rs5mocks18mock_libqhyccd_sys21___GetQHYCCDSDKVersionNtB6_11Expectation12returning_stNCNvNtBc_9sdk_testss_11new_successs1_0EBc_
FNDA:0,_RNCNvMs0_NtNtNtCs1PjXLhkVzPw_9qhyccd_rs5mocks18mock_libqhyccd_sys21___GetQHYCCDSDKVersionNtB7_7Matcher7matches0Bd_
FNDA:1,_RINvMs4_NtNtNtCs1PjXLhkVzPw_9qhyccd_rs5mocks18mock_libqhyccd_sys21___GetQHYCCDSDKVersionNtB6_6Common5timesjEBc_
FNDA:1,_RNCNvMsa_NtNtNtCs1PjXLhkVzPw_9qhyccd_rs5mocks18mock_libqhyccd_sys21___GetQHYCCDSDKVersionNtB7_12Expectations4calls_0Bd_
FNDA:1,_RINvMsb_NtNtNtCs1PjXLhkVzPw_9qhyccd_rs5mocks18mock_libqhyccd_sys21___GetQHYCCDSDKVersionNtB6_16ExpectationGuard5timesjEBc_
FNDA:1,_RINvMs6_NtNtNtCs1PjXLhkVzPw_9qhyccd_rs5mocks18mock_libqhyccd_sys21___GetQHYCCDSDKVersionNtB6_11Expectation5timesjEBc_
FNDA:1,_RNCNvMsa_NtNtNtCs1PjXLhkVzPw_9qhyccd_rs5mocks18mock_libqhyccd_sys21___GetQHYCCDSDKVersionNtB7_12Expectations4call0Bd_
FNDA:0,_RNCNvMs4_NtNtNtCs1PjXLhkVzPw_9qhyccd_rs5mocks18mock_libqhyccd_sys21___GetQHYCCDSDKVersionNtB7_6Common4call0Bd_
FNDA:6,_RNvMs8_NtNtNtCs1PjXLhkVzPw_9qhyccd_rs5mocks18mock_libqhyccd_sys23___ReleaseQHYCCDResourceNtB5_12Expectations10checkpoint
FNDA:3,_RNvMsa_NtNtNtCs1PjXLhkVzPw_9qhyccd_rs5mocks18mock_libqhyccd_sys23___ReleaseQHYCCDResourceNtB5_12Expectations4call
FNDA:6,_RNvXs_NtNtNtCs1PjXLhkVzPw_9qhyccd_rs5mocks18mock_libqhyccd_sys23___ReleaseQHYCCDResourceNtB4_5RfuncNtNtCsgrwJl3FvtEB_4core7default7Default7default
FNDA:6,_RNvXs3_NtNtNtCs1PjXLhkVzPw_9qhyccd_rs5mocks18mock_libqhyccd_sys23___ReleaseQHYCCDResourceNtB5_6CommonNtNtCsgrwJl3FvtEB_4core7default7Default7default
FNDA:0,_RNvXs2_NtNtNtCs1PjXLhkVzPw_9qhyccd_rs5mocks18mock_libqhyccd_sys23___ReleaseQHYCCDResourceNtB5_7MatcherNtNtCsgrwJl3FvtEB_4core3fmt7Display3fmt
FNDA:3,_RNvMs4_NtNtNtCs1PjXLhkVzPw_9qhyccd_rs5mocks18mock_libqhyccd_sys23___ReleaseQHYCCDResourceNtB5_6Common7matches
FNDA:3,_RNvMs6_NtNtNtCs1PjXLhkVzPw_9qhyccd_rs5mocks18mock_libqhyccd_sys23___ReleaseQHYCCDResourceNtB5_11Expectation7is_done
FNDA:3,_RNvMs4_NtNtNtCs1PjXLhkVzPw_9qhyccd_rs5mocks18mock_libqhyccd_sys23___ReleaseQHYCCDResourceNtB5_6Common4call
FNDA:3,_RNvMs4_NtNtNtCs1PjXLhkVzPw_9qhyccd_rs5mocks18mock_libqhyccd_sys23___ReleaseQHYCCDResourceNtB5_6Common16satisfy_sequence
FNDA:6,_RNvXs1_NtNtNtCs1PjXLhkVzPw_9qhyccd_rs5mocks18mock_libqhyccd_sys23___ReleaseQHYCCDResourceNtB5_7MatcherNtNtCsgrwJl3FvtEB_4core7default7Default7default
FNDA:3,_RNvMs4_NtNtNtCs1PjXLhkVzPw_9qhyccd_rs5mocks18mock_libqhyccd_sys23___ReleaseQHYCCDResourceNtB5_6Common15verify_sequence
FNDA:1,_RNvMs8_NtNtNtCs1PjXLhkVzPw_9qhyccd_rs5mocks18mock_libqhyccd_sys23___ReleaseQHYCCDResourceNtB5_12Expectations3new
FNDA:1,_RNvXs9_NtNtNtCs1PjXLhkVzPw_9qhyccd_rs5mocks18mock_libqhyccd_sys23___ReleaseQHYCCDResourceNtB5_12ExpectationsNtNtCsgrwJl3FvtEB_4core7default7Default7default
FNDA:6,_RNvMsc_NtNtNtCs1PjXLhkVzPw_9qhyccd_rs5mocks18mock_libqhyccd_sys23___ReleaseQHYCCDResourceNtB5_7Context13do_checkpoint
FNDA:6,_RNvXs7_NtNtNtCs1PjXLhkVzPw_9qhyccd_rs5mocks18mock_libqhyccd_sys23___ReleaseQHYCCDResourceNtB5_11ExpectationNtNtCsgrwJl3FvtEB_4core7default7Default7default
FNDA:6,_RNvMs8_NtNtNtCs1PjXLhkVzPw_9qhyccd_rs5mocks18mock_libqhyccd_sys23___ReleaseQHYCCDResourceNtB5_12Expectations6expect
FNDA:6,_RNvXsd_NtNtNtCs1PjXLhkVzPw_9qhyccd_rs5mocks18mock_libqhyccd_sys23___ReleaseQHYCCDResourceNtB5_7ContextNtNtCsgrwJl3FvtEB_4core7default7Default7default
FNDA:3,_RNvMs4_NtNtNtCs1PjXLhkVzPw_9qhyccd_rs5mocks18mock_libqhyccd_sys23___ReleaseQHYCCDResourceNtB5_6Common7is_done
FNDA:0,_RNvMs0_NtNtNtCs1PjXLhkVzPw_9qhyccd_rs5mocks18mock_libqhyccd_sys23___ReleaseQHYCCDResourceNtB5_7Matcher7matches
FNDA:3,_RNvMs6_NtNtNtCs1PjXLhkVzPw_9qhyccd_rs5mocks18mock_libqhyccd_sys23___ReleaseQHYCCDResourceNtB5_11Expectation4call
FNDA:6,_RNvMsb_NtNtNtCs1PjXLhkVzPw_9qhyccd_rs5mocks18mock_libqhyccd_sys23___ReleaseQHYCCDResourceNtB5_16ExpectationGuard3new
FNDA:3,_RNvMNtNtNtCs1PjXLhkVzPw_9qhyccd_rs5mocks18mock_libqhyccd_sys23___ReleaseQHYCCDResourceNtB2_5Rfunc8call_mut
FNDA:3,_RNvMs6_NtNtNtCs1PjXLhkVzPw_9qhyccd_rs5mocks18mock_libqhyccd_sys23___ReleaseQHYCCDResourceNtB5_11Expectation7matches
FNDA:6,_RNvMsc_NtNtNtCs1PjXLhkVzPw_9qhyccd_rs5mocks18mock_libqhyccd_sys23___ReleaseQHYCCDResourceNtB5_7Context6expect
FNDA:5,_RNvMs4_NtNtNtCs1PjXLhkVzPw_9qhyccd_rs5mocks18mock_libqhyccd_sys13___GetQHYCCDIdNtB5_6Common4call
FNDA:4,_RNvMs4_NtNtNtCs1PjXLhkVzPw_9qhyccd_rs5mocks18mock_libqhyccd_sys13___GetQHYCCDIdNtB5_6Common16satisfy_sequence
FNDA:4,_RNvXs1_NtNtNtCs1PjXLhkVzPw_9qhyccd_rs5mocks18mock_libqhyccd_sys13___GetQHYCCDIdNtB5_7MatcherNtNtCsgrwJl3FvtEB_4core7default7Default7default
FNDA:5,_RNvMs6_NtNtNtCs1PjXLhkVzPw_9qhyccd_rs5mocks18mock_libqhyccd_sys13___GetQHYCCDIdNtB5_11Expectation7is_done
FNDA:4,_RNvMs8_NtNtNtCs1PjXLhkVzPw_9qhyccd_rs5mocks18mock_libqhyccd_sys13___GetQHYCCDIdNtB5_12Expectations10checkpoint
FNDA:4,_RNvXs_NtNtNtCs1PjXLhkVzPw_9qhyccd_rs5mocks18mock_libqhyccd_sys13___GetQHYCCDIdNtB4_5RfuncNtNtCsgrwJl3FvtEB_4core7default7Default7default
FNDA:4,_RNvXs3_NtNtNtCs1PjXLhkVzPw_9qhyccd_rs5mocks18mock_libqhyccd_sys13___GetQHYCCDIdNtB5_6CommonNtNtCsgrwJl3FvtEB_4core7default7Default7default
FNDA:0,_RNvXs2_NtNtNtCs1PjXLhkVzPw_9qhyccd_rs5mocks18mock_libqhyccd_sys13___GetQHYCCDIdNtB5_7MatcherNtNtCsgrwJl3FvtEB_4core3fmt7Display3fmt
FNDA:1,_RNvMs8_NtNtNtCs1PjXLhkVzPw_9qhyccd_rs5mocks18mock_libqhyccd_sys13___GetQHYCCDIdNtB5_12Expectations3new
FNDA:5,_RNvMsa_NtNtNtCs1PjXLhkVzPw_9qhyccd_rs5mocks18mock_libqhyccd_sys13___GetQHYCCDIdNtB5_12Expectations4call
FNDA:4,_RNvMsc_NtNtNtCs1PjXLhkVzPw_9qhyccd_rs5mocks18mock_libqhyccd_sys13___GetQHYCCDIdNtB5_7Context13do_checkpoint
FNDA:4,_RNvMsb_NtNtNtCs1PjXLhkVzPw_9qhyccd_rs5mocks18mock_libqhyccd_sys13___GetQHYCCDIdNtB5_16ExpectationGuard3new
FNDA:5,_RNvMNtNtNtCs1PjXLhkVzPw_9qhyccd_rs5mocks18mock_libqhyccd_sys13___GetQHYCCDIdNtB2_5Rfunc8call_mut
FNDA:4,_RNvXs7_NtNtNtCs1PjXLhkVzPw_9qhyccd_rs5mocks18mock_libqhyccd_sys13___GetQHYCCDIdNtB5_11ExpectationNtNtCsgrwJl3FvtEB_4core7default7Default7default
FNDA:5,_RNvMs6_NtNtNtCs1PjXLhkVzPw_9qhyccd_rs5mocks18mock_libqhyccd_sys13___GetQHYCCDIdNtB5_11Expectation4call
FNDA:4,_RNvMs8_NtNtNtCs1PjXLhkVzPw_9qhyccd_rs5mocks18mock_libqhyccd_sys13___GetQHYCCDIdNtB5_12Expectations6expect
FNDA:4,_RNvMsc_NtNtNtCs1PjXLhkVzPw_9qhyccd_rs5mocks18mock_libqhyccd_sys13___GetQHYCCDIdNtB5_7Context6expect
FNDA:5,_RNvMs6_NtNtNtCs1PjXLhkVzPw_9qhyccd_rs5mocks18mock_libqhyccd_sys13___GetQHYCCDIdNtB5_11Expectation7matches
FNDA:5,_RNvMs4_NtNtNtCs1PjXLhkVzPw_9qhyccd_rs5mocks18mock_libqhyccd_sys13___GetQHYCCDIdNtB5_6Common7is_done
FNDA:1,_RNvXs9_NtNtNtCs1PjXLhkVzPw_9qhyccd_rs5mocks18mock_libqhyccd_sys13___GetQHYCCDIdNtB5_12ExpectationsNtNtCsgrwJl3FvtEB_4core7default7Default7default
FNDA:5,_RNvMs4_NtNtNtCs1PjXLhkVzPw_9qhyccd_rs5mocks18mock_libqhyccd_sys13___GetQHYCCDIdNtB5_6Common7matches
FNDA:4,_RNvXsd_NtNtNtCs1PjXLhkVzPw_9qhyccd_rs5mocks18mock_libqhyccd_sys13___GetQHYCCDIdNtB5_7ContextNtNtCsgrwJl3FvtEB_4core7default7Default7default
FNDA:5,_RNvMs4_NtNtNtCs1PjXLhkVzPw_9qhyccd_rs5mocks18mock_libqhyccd_sys13___GetQHYCCDIdNtB5_6Common15verify_sequence
FNDA:0,_RNvXs2_NtNtNtCs1PjXLhkVzPw_9qhyccd_rs5mocks18mock_libqhyccd_sys22___GetQHYCCDSingleFrameNtB5_7MatcherNtNtCsgrwJl3FvtEB_4core3fmt7Display3fmt
FNDA:0,_RNvXs2_NtNtNtCs1PjXLhkVzPw_9qhyccd_rs5mocks18mock_libqhyccd_sys19___GetQHYCCDReadModeNtB5_7MatcherNtNtCsgrwJl3FvtEB_4core3fmt7Display3fmt
FNDA:0,_RNvXs2_NtNtNtCs1PjXLhkVzPw_9qhyccd_rs5mocks18mock_libqhyccd_sys16___StopQHYCCDLiveNtB5_7MatcherNtNtCsgrwJl3FvtEB_4core3fmt7Display3fmt
FNDA:0,_RNvXs2_NtNtNtCs1PjXLhkVzPw_9qhyccd_rs5mocks18mock_libqhyccd_sys26___IsQHYCCDControlAvailableNtB5_7MatcherNtNtCsgrwJl3FvtEB_4core3fmt7Display3fmt
FNDA:6,_RNvMsa_NtNtNtCs1PjXLhkVzPw_9qhyccd_rs5mocks18mock_libqhyccd_sys20___InitQHYCCDResourceNtB5_12Expectations4call
FNDA:0,_RNvXs2_NtNtNtCs1PjXLhkVzPw_9qhyccd_rs5mocks18mock_libqhyccd_sys20___InitQHYCCDResourceNtB5_7MatcherNtNtCsgrwJl3FvtEB_4core3fmt7Display3fmt
FNDA:6,_RNvXs3_NtNtNtCs1PjXLhkVzPw_9qhyccd_rs5mocks18mock_libqhyccd_sys20___InitQHYCCDResourceNtB5_6CommonNtNtCsgrwJl3FvtEB_4core7default7Default7default
FNDA:6,_RNvMs4_NtNtNtCs1PjXLhkVzPw_9qhyccd_rs5mocks18mock_libqhyccd_sys20___InitQHYCCDResourceNtB5_6Common7matches
FNDA:6,_RNvMs4_NtNtNtCs1PjXLhkVzPw_9qhyccd_rs5mocks18mock_libqhyccd_sys20___InitQHYCCDResourceNtB5_6Common15verify_sequence
FNDA:6,_RNvMs6_NtNtNtCs1PjXLhkVzPw_9qhyccd_rs5mocks18mock_libqhyccd_sys20___InitQHYCCDResourceNtB5_11Expectation7is_done
FNDA:6,_RNvMs4_NtNtNtCs1PjXLhkVzPw_9qhyccd_rs5mocks18mock_libqhyccd_sys20___InitQHYCCDResourceNtB5_6Common4call
FNDA:6,_RNvMs4_NtNtNtCs1PjXLhkVzPw_9qhyccd_rs5mocks18mock_libqhyccd_sys20___InitQHYCCDResourceNtB5_6Common16satisfy_sequence
FNDA:6,_RNvXs1_NtNtNtCs1PjXLhkVzPw_9qhyccd_rs5mocks18mock_libqhyccd_sys20___InitQHYCCDResourceNtB5_7MatcherNtNtCsgrwJl3FvtEB_4core7default7Default7default
FNDA:6,_RNvMs8_NtNtNtCs1PjXLhkVzPw_9qhyccd_rs5mocks18mock_libqhyccd_sys20___InitQHYCCDResourceNtB5_12Expectations10checkpoint
FNDA:1,_RNvMs8_NtNtNtCs1PjXLhkVzPw_9qhyccd_rs5mocks18mock_libqhyccd_sys20___InitQHYCCDResourceNtB5_12Expectations3new
FNDA:1,_RNvXs9_NtNtNtCs1PjXLhkVzPw_9qhyccd_rs5mocks18mock_libqhyccd_sys20___InitQHYCCDResourceNtB5_12ExpectationsNtNtCsgrwJl3FvtEB_4core7default7Default7default
FNDA:6,_RNvXs_NtNtNtCs1PjXLhkVzPw_9qhyccd_rs5mocks18mock_libqhyccd_sys20___InitQHYCCDResourceNtB4_5RfuncNtNtCsgrwJl3FvtEB_4core7default7Default7default
FNDA:6,_RNvMsc_NtNtNtCs1PjXLhkVzPw_9qhyccd_rs5mocks18mock_libqhyccd_sys20___InitQHYCCDResourceNtB5_7Context13do_checkpoint
FNDA:6,_RNvXs7_NtNtNtCs1PjXLhkVzPw_9qhyccd_rs5mocks18mock_libqhyccd_sys20___InitQHYCCDResourceNtB5_11ExpectationNtNtCsgrwJl3FvtEB_4core7default7Default7default
FNDA:6,_RNvMs8_NtNtNtCs1PjXLhkVzPw_9qhyccd_rs5mocks18mock_libqhyccd_sys20___InitQHYCCDResourceNtB5_12Expectations6expect
FNDA:6,_RNvXsd_NtNtNtCs1PjXLhkVzPw_9qhyccd_rs5mocks18mock_libqhyccd_sys20___InitQHYCCDResourceNtB5_7ContextNtNtCsgrwJl3FvtEB_4core7default7Default7default
FNDA:6,_RNvMs4_NtNtNtCs1PjXLhkVzPw_9qhyccd_rs5mocks18mock_libqhyccd_sys20___InitQHYCCDResourceNtB5_6Common7is_done
FNDA:0,_RNvMs0_NtNtNtCs1PjXLhkVzPw_9qhyccd_rs5mocks18mock_libqhyccd_sys20___InitQHYCCDResourceNtB5_7Matcher7matches
FNDA:6,_RNvMs6_NtNtNtCs1PjXLhkVzPw_9qhyccd_rs5mocks18mock_libqhyccd_sys20___InitQHYCCDResourceNtB5_11Expectation4call
FNDA:6,_RNvMsb_NtNtNtCs1PjXLhkVzPw_9qhyccd_rs5mocks18mock_libqhyccd_sys20___InitQHYCCDResourceNtB5_16ExpectationGuard3new
FNDA:6,_RNvMNtNtNtCs1PjXLhkVzPw_9qhyccd_rs5mocks18mock_libqhyccd_sys20___InitQHYCCDResourceNtB2_5Rfunc8call_mut
FNDA:6,_RNvMs6_NtNtNtCs1PjXLhkVzPw_9qhyccd_rs5mocks18mock_libqhyccd_sys20___InitQHYCCDResourceNtB5_11Expectation7matches
FNDA:6,_RNvMsc_NtNtNtCs1PjXLhkVzPw_9qhyccd_rs5mocks18mock_libqhyccd_sys20___InitQHYCCDResourceNtB5_7Context6expect
FNDA:0,_RNvXs2_NtNtNtCs1PjXLhkVzPw_9qhyccd_rs5mocks18mock_libqhyccd_sys22___CancelQHYCCDExposingNtB5_7MatcherNtNtCsgrwJl3FvtEB_4core3fmt7Display3fmt
FNDA:0,_RNvXs2_NtNtNtCs1PjXLhkVzPw_9qhyccd_rs5mocks18mock_libqhyccd_sys21___SetQHYCCDStreamModeNtB5_7MatcherNtNtCsgrwJl3FvtEB_4core3fmt7Display3fmt
FNF:38
FNH:1
DA:18,223
DA:19,71
DA:27,0
DA:28,0
DA:29,0
DA:30,0
DA:31,0
DA:32,0
DA:33,0
DA:34,0
DA:35,0
DA:36,0
DA:37,0
DA:38,0
DA:39,0
DA:40,0
DA:41,0
DA:42,0
DA:43,0
DA:44,0
DA:45,0
DA:46,0
DA:47,0
DA:48,0
DA:49,0
DA:50,0
DA:51,0
DA:52,0
DA:53,0
DA:54,0
DA:55,0
DA:56,0
DA:57,0
DA:58,0
DA:59,0
DA:60,0
DA:61,0
DA:62,0
DA:63,0
DA:64,0
DA:65,0
DA:66,0
DA:67,0
DA:68,0
DA:69,0
DA:70,0
DA:71,0
DA:72,0
DA:73,0
DA:74,0
DA:75,0
DA:76,0
DA:77,0
DA:78,0
DA:79,0
DA:80,0
DA:81,0
DA:82,0
DA:83,0
DA:84,0
DA:85,0
DA:86,0
DA:87,0
DA:88,0
DA:89,0
DA:90,0
DA:91,0
DA:92,0
DA:93,0
DA:94,0
DA:95,0
DA:96,0
DA:97,0
DA:98,0
DA:99,0
DA:100,0
DA:101,0
DA:102,0
DA:103,0
DA:104,0
DA:105,0
DA:106,0
DA:107,0
DA:108,0
DA:109,0
DA:110,0
DA:111,0
DA:112,0
DA:113,0
DA:114,0
DA:115,0
DA:116,0
DA:117,0
DA:118,0
DA:119,0
DA:120,0
DA:121,0
DA:122,0
DA:123,0
DA:124,0
DA:125,0
DA:126,0
DA:127,0
DA:128,0
DA:129,0
DA:130,0
DA:131,0
DA:132,0
DA:133,0
DA:134,0
DA:135,0
DA:136,0
DA:137,0
DA:138,0
DA:139,0
DA:140,0
DA:141,0
DA:142,0
DA:143,0
DA:144,0
DA:145,0
DA:146,0
DA:147,0
DA:148,0
DA:149,0
DA:150,0
DA:151,0
DA:152,0
DA:153,0
DA:154,0
DA:155,0
DA:156,0
DA:157,0
DA:158,0
DA:159,0
DA:160,0
DA:161,0
DA:162,0
DA:163,0
DA:164,0
DA:165,0
DA:166,0
DA:167,0
DA:168,0
DA:169,0
DA:170,0
DA:171,0
DA:172,0
DA:173,0
DA:174,0
DA:175,0
DA:176,0
DA:177,0
DA:178,0
DA:179,0
DA:180,0
DA:181,0
DA:182,0
DA:183,0
DA:184,0
DA:185,0
DA:186,0
DA:187,0
DA:188,0
BRF:0
BRH:0
LF:164
LH:2
end_of_record
SF:/home/parallels/projects/qhyccd-rs/src/sdk_tests.rs
FN:11,_RNvNtCs1PjXLhkVzPw_9qhyccd_rs9sdk_testss_11new_success
FN:152,_RNvNtCs1PjXLhkVzPw_9qhyccd_rs9sdk_testss_19new_camera_new_fail
FN:186,_RNvNtCs1PjXLhkVzPw_9qhyccd_rs9sdk_testss_19new_is_plugged_fail
FN:112,_RNvNtCs1PjXLhkVzPw_9qhyccd_rs9sdk_testss_13new_scan_fail
FN:128,_RNvNtCs1PjXLhkVzPw_9qhyccd_rs9sdk_testss_15new_get_id_fail
FN:92,_RNvNtCs1PjXLhkVzPw_9qhyccd_rs9sdk_testss_13new_init_fail
FN:196,_RNCNvNtCs1PjXLhkVzPw_9qhyccd_rs9sdk_testss_19new_is_plugged_fail0B5_
FN:61,_RNCNvNtCs1PjXLhkVzPw_9qhyccd_rs9sdk_testss_11new_successs1_0B5_
FN:111,_RNCNvNtCs1PjXLhkVzPw_9qhyccd_rs9sdk_tests13new_scan_fail0B5_
FN:91,_RNCNvNtCs1PjXLhkVzPw_9qhyccd_rs9sdk_tests13new_init_fail0B5_
FN:10,_RNCNvNtCs1PjXLhkVzPw_9qhyccd_rs9sdk_tests11new_success0B5_
FN:151,_RNCNvNtCs1PjXLhkVzPw_9qhyccd_rs9sdk_tests19new_camera_new_fail0B5_
FN:185,_RNCNvNtCs1PjXLhkVzPw_9qhyccd_rs9sdk_tests19new_is_plugged_fail0B5_
FN:127,_RNCNvNtCs1PjXLhkVzPw_9qhyccd_rs9sdk_tests15new_get_id_fail0B5_
FN:21,_RNCNvNtCs1PjXLhkVzPw_9qhyccd_rs9sdk_testss_11new_success0B5_
FN:162,_RNCNvNtCs1PjXLhkVzPw_9qhyccd_rs9sdk_testss_19new_camera_new_fail0B5_
FN:220,_RNCNvNtCs1PjXLhkVzPw_9qhyccd_rs9sdk_testss_19new_is_plugged_fails0_0B5_
FN:52,_RNCNvNtCs1PjXLhkVzPw_9qhyccd_rs9sdk_testss_11new_successs0_0B5_
FN:175,_RNCNvNtCs1PjXLhkVzPw_9qhyccd_rs9sdk_testss_19new_camera_new_fails_0B5_
FN:207,_RNCNvNtCs1PjXLhkVzPw_9qhyccd_rs9sdk_testss_19new_is_plugged_fails_0B5_
FN:38,_RNCNvNtCs1PjXLhkVzPw_9qhyccd_rs9sdk_testss_11new_successs_0B5_
FNDA:1,_RNvNtCs1PjXLhkVzPw_9qhyccd_rs9sdk_testss_11new_success
FNDA:1,_RNvNtCs1PjXLhkVzPw_9qhyccd_rs9sdk_testss_19new_camera_new_fail
FNDA:1,_RNvNtCs1PjXLhkVzPw_9qhyccd_rs9sdk_testss_19new_is_plugged_fail
FNDA:1,_RNvNtCs1PjXLhkVzPw_9qhyccd_rs9sdk_testss_13new_scan_fail
FNDA:1,_RNvNtCs1PjXLhkVzPw_9qhyccd_rs9sdk_testss_15new_get_id_fail
FNDA:1,_RNvNtCs1PjXLhkVzPw_9qhyccd_rs9sdk_testss_13new_init_fail
FNDA:1,_RNCNvNtCs1PjXLhkVzPw_9qhyccd_rs9sdk_testss_19new_is_plugged_fail0B5_
FNDA:1,_RNCNvNtCs1PjXLhkVzPw_9qhyccd_rs9sdk_testss_11new_successs1_0B5_
FNDA:1,_RNCNvNtCs1PjXLhkVzPw_9qhyccd_rs9sdk_tests13new_scan_fail0B5_
FNDA:1,_RNCNvNtCs1PjXLhkVzPw_9qhyccd_rs9sdk_tests13new_init_fail0B5_
FNDA:1,_RNCNvNtCs1PjXLhkVzPw_9qhyccd_rs9sdk_tests11new_success0B5_
FNDA:1,_RNCNvNtCs1PjXLhkVzPw_9qhyccd_rs9sdk_tests19new_camera_new_fail0B5_
FNDA:1,_RNCNvNtCs1PjXLhkVzPw_9qhyccd_rs9sdk_tests19new_is_plugged_fail0B5_
FNDA:1,_RNCNvNtCs1PjXLhkVzPw_9qhyccd_rs9sdk_tests15new_get_id_fail0B5_
FNDA:2,_RNCNvNtCs1PjXLhkVzPw_9qhyccd_rs9sdk_testss_11new_success0B5_
FNDA:1,_RNCNvNtCs1PjXLhkVzPw_9qhyccd_rs9sdk_testss_19new_camera_new_fail0B5_
FNDA:1,_RNCNvNtCs1PjXLhkVzPw_9qhyccd_rs9sdk_testss_19new_is_plugged_fails0_0B5_
FNDA:4,_RNCNvNtCs1PjXLhkVzPw_9qhyccd_rs9sdk_testss_11new_successs0_0B5_
FNDA:1,_RNCNvNtCs1PjXLhkVzPw_9qhyccd_rs9sdk_testss_19new_camera_new_fails_0B5_
FNDA:1,_RNCNvNtCs1PjXLhkVzPw_9qhyccd_rs9sdk_testss_19new_is_plugged_fails_0B5_
FNDA:2,_RNCNvNtCs1PjXLhkVzPw_9qhyccd_rs9sdk_testss_11new_successs_0B5_
FNF:21
FNH:21
DA:10,1
DA:11,1
DA:12,1
DA:13,1
DA:14,1
DA:15,1
DA:16,1
DA:17,1
DA:18,1
DA:19,1
DA:20,1
DA:21,2
DA:23,1
DA:24,1
DA:25,1
DA:26,1
DA:29,1
DA:30,1
DA:31,1
DA:33,0
DA:34,2
DA:35,1
DA:36,1
DA:37,1
DA:38,2
DA:39,2
DA:40,2
DA:41,2
DA:42,1
DA:43,0
DA:45,0
DA:47,2
DA:48,1
DA:49,1
DA:50,1
DA:51,1
DA:52,4
DA:53,4
DA:54,2
DA:55,0
DA:56,4
DA:57,1
DA:58,1
DA:59,1
DA:60,1
DA:61,1
DA:62,1
DA:63,1
DA:64,1
DA:65,1
DA:66,1
DA:67,1
DA:68,1
DA:69,1
DA:70,1
DA:71,1
DA:72,1
DA:73,1
DA:74,1
DA:75,1
DA:76,1
DA:77,1
DA:78,1
DA:79,1
DA:80,1
DA:81,1
DA:82,1
DA:83,1
DA:84,1
DA:85,1
DA:86,1
DA:87,1
DA:88,1
DA:89,1
DA:91,1
DA:92,1
DA:93,1
DA:94,1
DA:95,1
DA:96,1
DA:97,1
DA:98,1
DA:99,1
DA:100,1
DA:101,1
DA:102,1
DA:103,1
DA:104,1
DA:105,1
DA:106,1
DA:107,1
DA:108,1
DA:109,1
DA:111,1
DA:112,1
DA:113,1
DA:114,1
DA:115,1
DA:116,1
DA:117,1
DA:118,1
DA:119,1
DA:120,1
DA:121,1
DA:122,1
DA:123,1
DA:124,1
DA:125,1
DA:127,1
DA:128,1
DA:129,1
DA:130,1
DA:131,1
DA:132,1
DA:133,1
DA:134,1
DA:135,1
DA:136,1
DA:137,1
DA:138,1
DA:139,1
DA:140,1
DA:141,1
DA:142,1
DA:143,1
DA:144,1
DA:145,1
DA:146,1
DA:147,1
DA:148,1
DA:149,1
DA:151,1
DA:152,1
DA:153,1
DA:154,1
DA:155,1
DA:156,1
DA:157,1
DA:158,1
DA:159,1
DA:160,1
DA:161,1
DA:162,1
DA:164,1
DA:165,1
DA:166,1
DA:167,1
DA:169,0
DA:170,1
DA:171,1
DA:172,1
DA:173,1
DA:174,1
DA:175,1
DA:176,1
DA:177,1
DA:178,1
DA:179,1
DA:180,1
DA:181,1
DA:182,1
DA:183,1
DA:185,1
DA:186,1
DA:187,1
DA:188,1
DA:189,1
DA:190,1
DA:191,1
DA:192,1
DA:193,1
DA:194,1
DA:195,1
DA:196,1
DA:198,1
DA:199,1
DA:200,1
DA:201,1
DA:203,0
DA:204,1
DA:205,1
DA:206,1
DA:207,1
DA:208,1
DA:209,1
DA:210,1
DA:211,0
DA:213,0
DA:215,1
DA:216,1
DA:217,1
DA:218,1
DA:219,1
DA:220,1
DA:221,1
DA:222,0
DA:223,1
DA:224,1
DA:225,1
DA:226,1
DA:227,1
DA:228,1
DA:229,1
DA:230,1
DA:231,1
DA:232,1
DA:233,1
DA:234,1
BRF:0
BRH:0
LF:225
LH:216
end_of_record